<testsuite failures="0" name="com/tutorials/karate/User.feature" skipped="0" tests="2" time="2.540609">
  <testcase classname="com.tutorials.karate.User" name="Fetch single users" time="1.275212">
    <system-out>Given url 'https://reqres.in/api/users/2' ................................. passed
When method GET ........................................................... passed
Then status 200 ........................................................... passed
And match $.data contains {id:2} .......................................... passed
And match $.data contains {email:"janet.weaver@reqres.in"} ................ passed
And match $.data contains {first_name:"Janet"} ............................ passed</system-out>
  </testcase>
  <testcase classname="com.tutorials.karate.User" name="Fetch single users" time="1.265397">
    <system-out>Given url 'https://reqres.in/api/users/2' ................................. passed
When method GET ........................................................... passed
Then status 200 ........................................................... passed
And match $.data contains {id:2} .......................................... passed
And match $.data contains {email:"janet.weaver@reqres.in"} ................ passed
And match $.data contains {first_name:"Janet"} ............................ passed
Given url 'https://reqres.in/api/users/3' ................................. passed
When method GET ........................................................... passed
Then status 200 ........................................................... passed
And match $.data contains {id:3} .......................................... passed
And match $.data contains {email:"emma.wong@reqres.in"} ................... passed
And match $.data contains {first_name:"Emma"} ............................. passed</system-out>
  </testcase>
</testsuite>
