<?xml version="1.0" encoding="UTF-8" ?>
<testsuite tests="1" failures="1" name="com.tutorials.karate.TestRunner" time="5.345" errors="0" skipped="0">
  <properties>
[...]
</properties>
  <testcase classname="com.tutorials.karate.TestRunner" name="testParallel" time="5.345">
    <failure message="failed features:
com.tutorials.karate.TestFeature: TestFeature.feature:8 - path: $.per_page, actual: 6, expected: 3, reason: not equal (Integer)
" type="java.lang.AssertionError">java.lang.AssertionError: failed features:
com.tutorials.karate.TestFeature: TestFeature.feature:8 - path: $.per_page, actual: 6, expected: 3, reason: not equal (Integer)

	at org.junit.Assert.fail(Assert.java:88)
	at org.junit.Assert.assertTrue(Assert.java:41)
	at com.tutorials.karate.TestRunner.testParallel(TestRunner.java:42)
	at sun.reflect.NativeMethodAccessorImpl.invoke0(Native Method)
	at sun.reflect.NativeMethodAccessorImpl.invoke(NativeMethodAccessorImpl.java:62)
	at sun.reflect.DelegatingMethodAccessorImpl.invoke(DelegatingMethodAccessorImpl.java:43)
	at java.lang.reflect.Method.invoke(Method.java:498)
	at org.junit.runners.model.FrameworkMethod$1.runReflectiveCall(FrameworkMethod.java:50)
	at org.junit.internal.runners.model.ReflectiveCallable.run(ReflectiveCallable.java:12)
	at org.junit.runners.model.FrameworkMethod.invokeExplosively(FrameworkMethod.java:47)
	at org.junit.internal.runners.statements.InvokeMethod.evaluate(InvokeMethod.java:17)
	at org.junit.runners.ParentRunner.runLeaf(ParentRunner.java:325)
	at org.junit.runners.BlockJUnit4ClassRunner.runChild(BlockJUnit4ClassRunner.java:78)
	at org.junit.runners.BlockJUnit4ClassRunner.runChild(BlockJUnit4ClassRunner.java:57)
	at org.junit.runners.ParentRunner$3.run(ParentRunner.java:290)
	at org.junit.runners.ParentRunner$1.schedule(ParentRunner.java:71)
	at org.junit.runners.ParentRunner.runChildren(ParentRunner.java:288)
	at org.junit.runners.ParentRunner.access$000(ParentRunner.java:58)
	at org.junit.runners.ParentRunner$2.evaluate(ParentRunner.java:268)
	at org.junit.internal.runners.statements.RunBefores.evaluate(RunBefores.java:26)
	at org.junit.runners.ParentRunner.run(ParentRunner.java:363)
	at org.apache.maven.surefire.junit4.JUnit4Provider.execute(JUnit4Provider.java:252)
	at org.apache.maven.surefire.junit4.JUnit4Provider.executeTestSet(JUnit4Provider.java:141)
	at org.apache.maven.surefire.junit4.JUnit4Provider.invoke(JUnit4Provider.java:112)
	at sun.reflect.NativeMethodAccessorImpl.invoke0(Native Method)
	at sun.reflect.NativeMethodAccessorImpl.invoke(NativeMethodAccessorImpl.java:62)
	at sun.reflect.DelegatingMethodAccessorImpl.invoke(DelegatingMethodAccessorImpl.java:43)
	at java.lang.reflect.Method.invoke(Method.java:498)
	at org.apache.maven.surefire.util.ReflectionUtils.invokeMethodWithArray(ReflectionUtils.java:189)
	at org.apache.maven.surefire.booter.ProviderFactory$ProviderProxy.invoke(ProviderFactory.java:165)
	at org.apache.maven.surefire.booter.ProviderFactory.invokeProvider(ProviderFactory.java:85)
	at org.apache.maven.surefire.booter.ForkedBooter.runSuitesInProcess(ForkedBooter.java:115)
	at org.apache.maven.surefire.booter.ForkedBooter.main(ForkedBooter.java:75)
</failure>
    <system-out>22:59:40.001 [ForkJoinPool-1-worker-3] DEBUG org.apache.http.client.protocol.RequestAddCookies - CookieSpec selected: karate
22:59:40.016 [ForkJoinPool-1-worker-3] DEBUG org.apache.http.client.protocol.RequestAuthCache - Auth cache not set in the context
22:59:40.017 [ForkJoinPool-1-worker-3] DEBUG com.intuit.karate - request:
1 &gt; GET https://reqres.in/api/users/3
1 &gt; Accept-Encoding: gzip,deflate
1 &gt; Connection: Keep-Alive
1 &gt; Host: reqres.in
1 &gt; User-Agent: Apache-HttpClient/4.5.5 (Java/1.8.0_201)

22:59:40.002 [ForkJoinPool-1-worker-2] DEBUG org.apache.http.client.protocol.RequestAddCookies - CookieSpec selected: karate
22:59:40.020 [ForkJoinPool-1-worker-2] DEBUG org.apache.http.client.protocol.RequestAuthCache - Auth cache not set in the context
22:59:40.020 [ForkJoinPool-1-worker-2] DEBUG com.intuit.karate - request:
1 &gt; GET https://reqres.in/api/users/2
1 &gt; Accept-Encoding: gzip,deflate
1 &gt; Connection: Keep-Alive
1 &gt; Host: reqres.in
1 &gt; User-Agent: Apache-HttpClient/4.5.5 (Java/1.8.0_201)

22:59:40.001 [ForkJoinPool-1-worker-1] DEBUG org.apache.http.client.protocol.RequestAddCookies - CookieSpec selected: karate
22:59:40.021 [ForkJoinPool-1-worker-2] DEBUG org.apache.http.impl.conn.PoolingHttpClientConnectionManager - Connection request: [route: {s}-&gt;https://reqres.in:443][total kept alive: 0; route allocated: 0 of 5; total allocated: 0 of 10]
22:59:40.021 [ForkJoinPool-1-worker-1] DEBUG org.apache.http.client.protocol.RequestAuthCache - Auth cache not set in the context
22:59:40.021 [ForkJoinPool-1-worker-1] DEBUG com.intuit.karate - request:
1 &gt; GET https://reqres.in/api/users?page=2
1 &gt; Accept-Encoding: gzip,deflate
1 &gt; Connection: Keep-Alive
1 &gt; Host: reqres.in
1 &gt; User-Agent: Apache-HttpClient/4.5.5 (Java/1.8.0_201)

22:59:40.021 [ForkJoinPool-1-worker-1] DEBUG org.apache.http.impl.conn.PoolingHttpClientConnectionManager - Connection request: [route: {s}-&gt;https://reqres.in:443][total kept alive: 0; route allocated: 0 of 5; total allocated: 0 of 10]
22:59:40.036 [ForkJoinPool-1-worker-1] DEBUG org.apache.http.impl.conn.PoolingHttpClientConnectionManager - Connection leased: [id: 0][route: {s}-&gt;https://reqres.in:443][total kept alive: 0; route allocated: 1 of 5; total allocated: 1 of 10]
22:59:40.037 [ForkJoinPool-1-worker-2] DEBUG org.apache.http.impl.conn.PoolingHttpClientConnectionManager - Connection leased: [id: 1][route: {s}-&gt;https://reqres.in:443][total kept alive: 0; route allocated: 1 of 5; total allocated: 1 of 10]
22:59:40.038 [ForkJoinPool-1-worker-1] DEBUG org.apache.http.impl.execchain.MainClientExec - Opening connection {s}-&gt;https://reqres.in:443
22:59:40.039 [ForkJoinPool-1-worker-2] DEBUG org.apache.http.impl.execchain.MainClientExec - Opening connection {s}-&gt;https://reqres.in:443
22:59:40.045 [ForkJoinPool-1-worker-3] DEBUG org.apache.http.impl.conn.PoolingHttpClientConnectionManager - Connection request: [route: {s}-&gt;https://reqres.in:443][total kept alive: 0; route allocated: 0 of 5; total allocated: 0 of 10]
22:59:40.045 [ForkJoinPool-1-worker-3] DEBUG org.apache.http.impl.conn.PoolingHttpClientConnectionManager - Connection leased: [id: 2][route: {s}-&gt;https://reqres.in:443][total kept alive: 0; route allocated: 1 of 5; total allocated: 1 of 10]
22:59:40.045 [ForkJoinPool-1-worker-3] DEBUG org.apache.http.impl.execchain.MainClientExec - Opening connection {s}-&gt;https://reqres.in:443
22:59:40.121 [ForkJoinPool-1-worker-2] DEBUG org.apache.http.impl.conn.DefaultHttpClientConnectionOperator - Connecting to reqres.in/104.27.134.11:443
22:59:40.122 [ForkJoinPool-1-worker-2] DEBUG org.apache.http.conn.ssl.SSLConnectionSocketFactory - Connecting socket to reqres.in/104.27.134.11:443 with timeout 5000
22:59:40.121 [ForkJoinPool-1-worker-3] DEBUG org.apache.http.impl.conn.DefaultHttpClientConnectionOperator - Connecting to reqres.in/104.27.134.11:443
22:59:40.121 [ForkJoinPool-1-worker-1] DEBUG org.apache.http.impl.conn.DefaultHttpClientConnectionOperator - Connecting to reqres.in/104.27.134.11:443
22:59:40.122 [ForkJoinPool-1-worker-3] DEBUG org.apache.http.conn.ssl.SSLConnectionSocketFactory - Connecting socket to reqres.in/104.27.134.11:443 with timeout 5000
22:59:40.122 [ForkJoinPool-1-worker-1] DEBUG org.apache.http.conn.ssl.SSLConnectionSocketFactory - Connecting socket to reqres.in/104.27.134.11:443 with timeout 5000
22:59:40.207 [ForkJoinPool-1-worker-2] DEBUG org.apache.http.conn.ssl.SSLConnectionSocketFactory - Enabled protocols: [TLSv1, TLSv1.1, TLSv1.2]
22:59:40.208 [ForkJoinPool-1-worker-2] DEBUG org.apache.http.conn.ssl.SSLConnectionSocketFactory - Enabled cipher suites:[TLS_ECDHE_ECDSA_WITH_AES_256_CBC_SHA384, TLS_ECDHE_RSA_WITH_AES_256_CBC_SHA384, TLS_RSA_WITH_AES_256_CBC_SHA256, TLS_ECDH_ECDSA_WITH_AES_256_CBC_SHA384, TLS_ECDH_RSA_WITH_AES_256_CBC_SHA384, TLS_DHE_RSA_WITH_AES_256_CBC_SHA256, TLS_DHE_DSS_WITH_AES_256_CBC_SHA256, TLS_ECDHE_ECDSA_WITH_AES_256_CBC_SHA, TLS_ECDHE_RSA_WITH_AES_256_CBC_SHA, TLS_RSA_WITH_AES_256_CBC_SHA, TLS_ECDH_ECDSA_WITH_AES_256_CBC_SHA, TLS_ECDH_RSA_WITH_AES_256_CBC_SHA, TLS_DHE_RSA_WITH_AES_256_CBC_SHA, TLS_DHE_DSS_WITH_AES_256_CBC_SHA, TLS_ECDHE_ECDSA_WITH_AES_128_CBC_SHA256, TLS_ECDHE_RSA_WITH_AES_128_CBC_SHA256, TLS_RSA_WITH_AES_128_CBC_SHA256, TLS_ECDH_ECDSA_WITH_AES_128_CBC_SHA256, TLS_ECDH_RSA_WITH_AES_128_CBC_SHA256, TLS_DHE_RSA_WITH_AES_128_CBC_SHA256, TLS_DHE_DSS_WITH_AES_128_CBC_SHA256, TLS_ECDHE_ECDSA_WITH_AES_128_CBC_SHA, TLS_ECDHE_RSA_WITH_AES_128_CBC_SHA, TLS_RSA_WITH_AES_128_CBC_SHA, TLS_ECDH_ECDSA_WITH_AES_128_CBC_SHA, TLS_ECDH_RSA_WITH_AES_128_CBC_SHA, TLS_DHE_RSA_WITH_AES_128_CBC_SHA, TLS_DHE_DSS_WITH_AES_128_CBC_SHA, TLS_ECDHE_ECDSA_WITH_AES_256_GCM_SHA384, TLS_ECDHE_ECDSA_WITH_AES_128_GCM_SHA256, TLS_ECDHE_RSA_WITH_AES_256_GCM_SHA384, TLS_RSA_WITH_AES_256_GCM_SHA384, TLS_ECDH_ECDSA_WITH_AES_256_GCM_SHA384, TLS_ECDH_RSA_WITH_AES_256_GCM_SHA384, TLS_DHE_RSA_WITH_AES_256_GCM_SHA384, TLS_DHE_DSS_WITH_AES_256_GCM_SHA384, TLS_ECDHE_RSA_WITH_AES_128_GCM_SHA256, TLS_RSA_WITH_AES_128_GCM_SHA256, TLS_ECDH_ECDSA_WITH_AES_128_GCM_SHA256, TLS_ECDH_RSA_WITH_AES_128_GCM_SHA256, TLS_DHE_RSA_WITH_AES_128_GCM_SHA256, TLS_DHE_DSS_WITH_AES_128_GCM_SHA256]
22:59:40.208 [ForkJoinPool-1-worker-2] DEBUG org.apache.http.conn.ssl.SSLConnectionSocketFactory - Starting handshake
22:59:40.208 [ForkJoinPool-1-worker-1] DEBUG org.apache.http.conn.ssl.SSLConnectionSocketFactory - Enabled protocols: [TLSv1, TLSv1.1, TLSv1.2]
22:59:40.208 [ForkJoinPool-1-worker-1] DEBUG org.apache.http.conn.ssl.SSLConnectionSocketFactory - Enabled cipher suites:[TLS_ECDHE_ECDSA_WITH_AES_256_CBC_SHA384, TLS_ECDHE_RSA_WITH_AES_256_CBC_SHA384, TLS_RSA_WITH_AES_256_CBC_SHA256, TLS_ECDH_ECDSA_WITH_AES_256_CBC_SHA384, TLS_ECDH_RSA_WITH_AES_256_CBC_SHA384, TLS_DHE_RSA_WITH_AES_256_CBC_SHA256, TLS_DHE_DSS_WITH_AES_256_CBC_SHA256, TLS_ECDHE_ECDSA_WITH_AES_256_CBC_SHA, TLS_ECDHE_RSA_WITH_AES_256_CBC_SHA, TLS_RSA_WITH_AES_256_CBC_SHA, TLS_ECDH_ECDSA_WITH_AES_256_CBC_SHA, TLS_ECDH_RSA_WITH_AES_256_CBC_SHA, TLS_DHE_RSA_WITH_AES_256_CBC_SHA, TLS_DHE_DSS_WITH_AES_256_CBC_SHA, TLS_ECDHE_ECDSA_WITH_AES_128_CBC_SHA256, TLS_ECDHE_RSA_WITH_AES_128_CBC_SHA256, TLS_RSA_WITH_AES_128_CBC_SHA256, TLS_ECDH_ECDSA_WITH_AES_128_CBC_SHA256, TLS_ECDH_RSA_WITH_AES_128_CBC_SHA256, TLS_DHE_RSA_WITH_AES_128_CBC_SHA256, TLS_DHE_DSS_WITH_AES_128_CBC_SHA256, TLS_ECDHE_ECDSA_WITH_AES_128_CBC_SHA, TLS_ECDHE_RSA_WITH_AES_128_CBC_SHA, TLS_RSA_WITH_AES_128_CBC_SHA, TLS_ECDH_ECDSA_WITH_AES_128_CBC_SHA, TLS_ECDH_RSA_WITH_AES_128_CBC_SHA, TLS_DHE_RSA_WITH_AES_128_CBC_SHA, TLS_DHE_DSS_WITH_AES_128_CBC_SHA, TLS_ECDHE_ECDSA_WITH_AES_256_GCM_SHA384, TLS_ECDHE_ECDSA_WITH_AES_128_GCM_SHA256, TLS_ECDHE_RSA_WITH_AES_256_GCM_SHA384, TLS_RSA_WITH_AES_256_GCM_SHA384, TLS_ECDH_ECDSA_WITH_AES_256_GCM_SHA384, TLS_ECDH_RSA_WITH_AES_256_GCM_SHA384, TLS_DHE_RSA_WITH_AES_256_GCM_SHA384, TLS_DHE_DSS_WITH_AES_256_GCM_SHA384, TLS_ECDHE_RSA_WITH_AES_128_GCM_SHA256, TLS_RSA_WITH_AES_128_GCM_SHA256, TLS_ECDH_ECDSA_WITH_AES_128_GCM_SHA256, TLS_ECDH_RSA_WITH_AES_128_GCM_SHA256, TLS_DHE_RSA_WITH_AES_128_GCM_SHA256, TLS_DHE_DSS_WITH_AES_128_GCM_SHA256]
22:59:40.208 [ForkJoinPool-1-worker-1] DEBUG org.apache.http.conn.ssl.SSLConnectionSocketFactory - Starting handshake
22:59:40.219 [ForkJoinPool-1-worker-3] DEBUG org.apache.http.conn.ssl.SSLConnectionSocketFactory - Enabled protocols: [TLSv1, TLSv1.1, TLSv1.2]
22:59:40.219 [ForkJoinPool-1-worker-3] DEBUG org.apache.http.conn.ssl.SSLConnectionSocketFactory - Enabled cipher suites:[TLS_ECDHE_ECDSA_WITH_AES_256_CBC_SHA384, TLS_ECDHE_RSA_WITH_AES_256_CBC_SHA384, TLS_RSA_WITH_AES_256_CBC_SHA256, TLS_ECDH_ECDSA_WITH_AES_256_CBC_SHA384, TLS_ECDH_RSA_WITH_AES_256_CBC_SHA384, TLS_DHE_RSA_WITH_AES_256_CBC_SHA256, TLS_DHE_DSS_WITH_AES_256_CBC_SHA256, TLS_ECDHE_ECDSA_WITH_AES_256_CBC_SHA, TLS_ECDHE_RSA_WITH_AES_256_CBC_SHA, TLS_RSA_WITH_AES_256_CBC_SHA, TLS_ECDH_ECDSA_WITH_AES_256_CBC_SHA, TLS_ECDH_RSA_WITH_AES_256_CBC_SHA, TLS_DHE_RSA_WITH_AES_256_CBC_SHA, TLS_DHE_DSS_WITH_AES_256_CBC_SHA, TLS_ECDHE_ECDSA_WITH_AES_128_CBC_SHA256, TLS_ECDHE_RSA_WITH_AES_128_CBC_SHA256, TLS_RSA_WITH_AES_128_CBC_SHA256, TLS_ECDH_ECDSA_WITH_AES_128_CBC_SHA256, TLS_ECDH_RSA_WITH_AES_128_CBC_SHA256, TLS_DHE_RSA_WITH_AES_128_CBC_SHA256, TLS_DHE_DSS_WITH_AES_128_CBC_SHA256, TLS_ECDHE_ECDSA_WITH_AES_128_CBC_SHA, TLS_ECDHE_RSA_WITH_AES_128_CBC_SHA, TLS_RSA_WITH_AES_128_CBC_SHA, TLS_ECDH_ECDSA_WITH_AES_128_CBC_SHA, TLS_ECDH_RSA_WITH_AES_128_CBC_SHA, TLS_DHE_RSA_WITH_AES_128_CBC_SHA, TLS_DHE_DSS_WITH_AES_128_CBC_SHA, TLS_ECDHE_ECDSA_WITH_AES_256_GCM_SHA384, TLS_ECDHE_ECDSA_WITH_AES_128_GCM_SHA256, TLS_ECDHE_RSA_WITH_AES_256_GCM_SHA384, TLS_RSA_WITH_AES_256_GCM_SHA384, TLS_ECDH_ECDSA_WITH_AES_256_GCM_SHA384, TLS_ECDH_RSA_WITH_AES_256_GCM_SHA384, TLS_DHE_RSA_WITH_AES_256_GCM_SHA384, TLS_DHE_DSS_WITH_AES_256_GCM_SHA384, TLS_ECDHE_RSA_WITH_AES_128_GCM_SHA256, TLS_RSA_WITH_AES_128_GCM_SHA256, TLS_ECDH_ECDSA_WITH_AES_128_GCM_SHA256, TLS_ECDH_RSA_WITH_AES_128_GCM_SHA256, TLS_DHE_RSA_WITH_AES_128_GCM_SHA256, TLS_DHE_DSS_WITH_AES_128_GCM_SHA256]
22:59:40.250 [ForkJoinPool-1-worker-3] DEBUG org.apache.http.conn.ssl.SSLConnectionSocketFactory - Starting handshake
22:59:40.337 [ForkJoinPool-1-worker-2] DEBUG org.apache.http.conn.ssl.SSLConnectionSocketFactory - Secure session established
22:59:40.338 [ForkJoinPool-1-worker-2] DEBUG org.apache.http.conn.ssl.SSLConnectionSocketFactory -  negotiated protocol: TLSv1.2
22:59:40.338 [ForkJoinPool-1-worker-2] DEBUG org.apache.http.conn.ssl.SSLConnectionSocketFactory -  negotiated cipher suite: TLS_ECDHE_ECDSA_WITH_AES_128_GCM_SHA256
22:59:40.338 [ForkJoinPool-1-worker-1] DEBUG org.apache.http.conn.ssl.SSLConnectionSocketFactory - Secure session established
22:59:40.338 [ForkJoinPool-1-worker-1] DEBUG org.apache.http.conn.ssl.SSLConnectionSocketFactory -  negotiated protocol: TLSv1.2
22:59:40.338 [ForkJoinPool-1-worker-2] DEBUG org.apache.http.conn.ssl.SSLConnectionSocketFactory -  peer principal: CN=sni96286.cloudflaressl.com, OU=PositiveSSL Multi-Domain, OU=Domain Control Validated
22:59:40.338 [ForkJoinPool-1-worker-1] DEBUG org.apache.http.conn.ssl.SSLConnectionSocketFactory -  negotiated cipher suite: TLS_ECDHE_ECDSA_WITH_AES_128_GCM_SHA256
22:59:40.338 [ForkJoinPool-1-worker-1] DEBUG org.apache.http.conn.ssl.SSLConnectionSocketFactory -  peer principal: CN=sni96286.cloudflaressl.com, OU=PositiveSSL Multi-Domain, OU=Domain Control Validated
22:59:40.338 [ForkJoinPool-1-worker-1] DEBUG org.apache.http.conn.ssl.SSLConnectionSocketFactory -  peer alternative names: [sni96286.cloudflaressl.com, *.alypa.cl, *.arredamentobar.altervista.org, *.dhcmx.com, *.hurtworld-servers.ru, *.murdochfamily.id.au, *.precisioncleaninghawaii.com, *.reqres.in, *.rescatevalencia.org, *.rorimaq.com.br, *.siemon.id.au, *.thrivenowseminars.com, *.tonysnails.com, *.visiondefender.co.uk, alypa.cl, arredamentobar.altervista.org, dhcmx.com, hurtworld-servers.ru, murdochfamily.id.au, precisioncleaninghawaii.com, reqres.in, rescatevalencia.org, rorimaq.com.br, siemon.id.au, thrivenowseminars.com, tonysnails.com, visiondefender.co.uk]
22:59:40.338 [ForkJoinPool-1-worker-2] DEBUG org.apache.http.conn.ssl.SSLConnectionSocketFactory -  peer alternative names: [sni96286.cloudflaressl.com, *.alypa.cl, *.arredamentobar.altervista.org, *.dhcmx.com, *.hurtworld-servers.ru, *.murdochfamily.id.au, *.precisioncleaninghawaii.com, *.reqres.in, *.rescatevalencia.org, *.rorimaq.com.br, *.siemon.id.au, *.thrivenowseminars.com, *.tonysnails.com, *.visiondefender.co.uk, alypa.cl, arredamentobar.altervista.org, dhcmx.com, hurtworld-servers.ru, murdochfamily.id.au, precisioncleaninghawaii.com, reqres.in, rescatevalencia.org, rorimaq.com.br, siemon.id.au, thrivenowseminars.com, tonysnails.com, visiondefender.co.uk]
22:59:40.339 [ForkJoinPool-1-worker-1] DEBUG org.apache.http.conn.ssl.SSLConnectionSocketFactory -  issuer principal: CN=COMODO ECC Domain Validation Secure Server CA 2, O=COMODO CA Limited, L=Salford, ST=Greater Manchester, C=GB
22:59:40.339 [ForkJoinPool-1-worker-2] DEBUG org.apache.http.conn.ssl.SSLConnectionSocketFactory -  issuer principal: CN=COMODO ECC Domain Validation Secure Server CA 2, O=COMODO CA Limited, L=Salford, ST=Greater Manchester, C=GB
22:59:40.339 [ForkJoinPool-1-worker-3] DEBUG org.apache.http.conn.ssl.SSLConnectionSocketFactory - Secure session established
22:59:40.339 [ForkJoinPool-1-worker-3] DEBUG org.apache.http.conn.ssl.SSLConnectionSocketFactory -  negotiated protocol: TLSv1.2
22:59:40.339 [ForkJoinPool-1-worker-3] DEBUG org.apache.http.conn.ssl.SSLConnectionSocketFactory -  negotiated cipher suite: TLS_ECDHE_ECDSA_WITH_AES_128_GCM_SHA256
22:59:40.339 [ForkJoinPool-1-worker-3] DEBUG org.apache.http.conn.ssl.SSLConnectionSocketFactory -  peer principal: CN=sni96286.cloudflaressl.com, OU=PositiveSSL Multi-Domain, OU=Domain Control Validated
22:59:40.340 [ForkJoinPool-1-worker-3] DEBUG org.apache.http.conn.ssl.SSLConnectionSocketFactory -  peer alternative names: [sni96286.cloudflaressl.com, *.alypa.cl, *.arredamentobar.altervista.org, *.dhcmx.com, *.hurtworld-servers.ru, *.murdochfamily.id.au, *.precisioncleaninghawaii.com, *.reqres.in, *.rescatevalencia.org, *.rorimaq.com.br, *.siemon.id.au, *.thrivenowseminars.com, *.tonysnails.com, *.visiondefender.co.uk, alypa.cl, arredamentobar.altervista.org, dhcmx.com, hurtworld-servers.ru, murdochfamily.id.au, precisioncleaninghawaii.com, reqres.in, rescatevalencia.org, rorimaq.com.br, siemon.id.au, thrivenowseminars.com, tonysnails.com, visiondefender.co.uk]
22:59:40.340 [ForkJoinPool-1-worker-3] DEBUG org.apache.http.conn.ssl.SSLConnectionSocketFactory -  issuer principal: CN=COMODO ECC Domain Validation Secure Server CA 2, O=COMODO CA Limited, L=Salford, ST=Greater Manchester, C=GB
22:59:40.345 [ForkJoinPool-1-worker-1] DEBUG org.apache.http.impl.conn.DefaultHttpClientConnectionOperator - Connection established 10.1.6.4:55804&lt;-&gt;104.27.134.11:443
22:59:40.345 [ForkJoinPool-1-worker-3] DEBUG org.apache.http.impl.conn.DefaultHttpClientConnectionOperator - Connection established 10.1.6.4:55805&lt;-&gt;104.27.134.11:443
22:59:40.345 [ForkJoinPool-1-worker-3] DEBUG org.apache.http.impl.conn.DefaultManagedHttpClientConnection - http-outgoing-2: set socket timeout to 5000
22:59:40.345 [ForkJoinPool-1-worker-3] DEBUG org.apache.http.impl.execchain.MainClientExec - Executing request GET /api/users/3 HTTP/1.1
22:59:40.346 [ForkJoinPool-1-worker-3] DEBUG org.apache.http.impl.execchain.MainClientExec - Target auth state: UNCHALLENGED
22:59:40.346 [ForkJoinPool-1-worker-3] DEBUG org.apache.http.impl.execchain.MainClientExec - Proxy auth state: UNCHALLENGED
22:59:40.347 [ForkJoinPool-1-worker-1] DEBUG org.apache.http.impl.conn.DefaultManagedHttpClientConnection - http-outgoing-1: set socket timeout to 5000
22:59:40.347 [ForkJoinPool-1-worker-1] DEBUG org.apache.http.impl.execchain.MainClientExec - Executing request GET /api/users?page=2 HTTP/1.1
22:59:40.347 [ForkJoinPool-1-worker-1] DEBUG org.apache.http.impl.execchain.MainClientExec - Target auth state: UNCHALLENGED
22:59:40.347 [ForkJoinPool-1-worker-1] DEBUG org.apache.http.impl.execchain.MainClientExec - Proxy auth state: UNCHALLENGED
22:59:40.347 [ForkJoinPool-1-worker-1] DEBUG org.apache.http.headers - http-outgoing-1 &gt;&gt; GET /api/users?page=2 HTTP/1.1
22:59:40.347 [ForkJoinPool-1-worker-3] DEBUG org.apache.http.headers - http-outgoing-2 &gt;&gt; GET /api/users/3 HTTP/1.1
22:59:40.347 [ForkJoinPool-1-worker-3] DEBUG org.apache.http.headers - http-outgoing-2 &gt;&gt; Host: reqres.in
22:59:40.347 [ForkJoinPool-1-worker-3] DEBUG org.apache.http.headers - http-outgoing-2 &gt;&gt; Connection: Keep-Alive
22:59:40.347 [ForkJoinPool-1-worker-1] DEBUG org.apache.http.headers - http-outgoing-1 &gt;&gt; Host: reqres.in
22:59:40.348 [ForkJoinPool-1-worker-3] DEBUG org.apache.http.headers - http-outgoing-2 &gt;&gt; User-Agent: Apache-HttpClient/4.5.5 (Java/1.8.0_201)
22:59:40.348 [ForkJoinPool-1-worker-3] DEBUG org.apache.http.headers - http-outgoing-2 &gt;&gt; Accept-Encoding: gzip,deflate
22:59:40.348 [ForkJoinPool-1-worker-1] DEBUG org.apache.http.headers - http-outgoing-1 &gt;&gt; Connection: Keep-Alive
22:59:40.348 [ForkJoinPool-1-worker-1] DEBUG org.apache.http.headers - http-outgoing-1 &gt;&gt; User-Agent: Apache-HttpClient/4.5.5 (Java/1.8.0_201)
22:59:40.348 [ForkJoinPool-1-worker-3] DEBUG org.apache.http.wire - http-outgoing-2 &gt;&gt; &quot;GET /api/users/3 HTTP/1.1[\r][\n]&quot;
22:59:40.348 [ForkJoinPool-1-worker-1] DEBUG org.apache.http.headers - http-outgoing-1 &gt;&gt; Accept-Encoding: gzip,deflate
22:59:40.348 [ForkJoinPool-1-worker-1] DEBUG org.apache.http.wire - http-outgoing-1 &gt;&gt; &quot;GET /api/users?page=2 HTTP/1.1[\r][\n]&quot;
22:59:40.348 [ForkJoinPool-1-worker-1] DEBUG org.apache.http.wire - http-outgoing-1 &gt;&gt; &quot;Host: reqres.in[\r][\n]&quot;
22:59:40.348 [ForkJoinPool-1-worker-1] DEBUG org.apache.http.wire - http-outgoing-1 &gt;&gt; &quot;Connection: Keep-Alive[\r][\n]&quot;
22:59:40.349 [ForkJoinPool-1-worker-1] DEBUG org.apache.http.wire - http-outgoing-1 &gt;&gt; &quot;User-Agent: Apache-HttpClient/4.5.5 (Java/1.8.0_201)[\r][\n]&quot;
22:59:40.349 [ForkJoinPool-1-worker-1] DEBUG org.apache.http.wire - http-outgoing-1 &gt;&gt; &quot;Accept-Encoding: gzip,deflate[\r][\n]&quot;
22:59:40.349 [ForkJoinPool-1-worker-1] DEBUG org.apache.http.wire - http-outgoing-1 &gt;&gt; &quot;[\r][\n]&quot;
22:59:40.348 [ForkJoinPool-1-worker-3] DEBUG org.apache.http.wire - http-outgoing-2 &gt;&gt; &quot;Host: reqres.in[\r][\n]&quot;
22:59:40.349 [ForkJoinPool-1-worker-3] DEBUG org.apache.http.wire - http-outgoing-2 &gt;&gt; &quot;Connection: Keep-Alive[\r][\n]&quot;
22:59:40.349 [ForkJoinPool-1-worker-3] DEBUG org.apache.http.wire - http-outgoing-2 &gt;&gt; &quot;User-Agent: Apache-HttpClient/4.5.5 (Java/1.8.0_201)[\r][\n]&quot;
22:59:40.349 [ForkJoinPool-1-worker-3] DEBUG org.apache.http.wire - http-outgoing-2 &gt;&gt; &quot;Accept-Encoding: gzip,deflate[\r][\n]&quot;
22:59:40.349 [ForkJoinPool-1-worker-3] DEBUG org.apache.http.wire - http-outgoing-2 &gt;&gt; &quot;[\r][\n]&quot;
22:59:40.357 [ForkJoinPool-1-worker-2] DEBUG org.apache.http.impl.conn.DefaultHttpClientConnectionOperator - Connection established 10.1.6.4:55803&lt;-&gt;104.27.134.11:443
22:59:40.357 [ForkJoinPool-1-worker-2] DEBUG org.apache.http.impl.conn.DefaultManagedHttpClientConnection - http-outgoing-0: set socket timeout to 5000
22:59:40.357 [ForkJoinPool-1-worker-2] DEBUG org.apache.http.impl.execchain.MainClientExec - Executing request GET /api/users/2 HTTP/1.1
22:59:40.357 [ForkJoinPool-1-worker-2] DEBUG org.apache.http.impl.execchain.MainClientExec - Target auth state: UNCHALLENGED
22:59:40.357 [ForkJoinPool-1-worker-2] DEBUG org.apache.http.impl.execchain.MainClientExec - Proxy auth state: UNCHALLENGED
22:59:40.357 [ForkJoinPool-1-worker-2] DEBUG org.apache.http.headers - http-outgoing-0 &gt;&gt; GET /api/users/2 HTTP/1.1
22:59:40.357 [ForkJoinPool-1-worker-2] DEBUG org.apache.http.headers - http-outgoing-0 &gt;&gt; Host: reqres.in
22:59:40.357 [ForkJoinPool-1-worker-2] DEBUG org.apache.http.headers - http-outgoing-0 &gt;&gt; Connection: Keep-Alive
22:59:40.357 [ForkJoinPool-1-worker-2] DEBUG org.apache.http.headers - http-outgoing-0 &gt;&gt; User-Agent: Apache-HttpClient/4.5.5 (Java/1.8.0_201)
22:59:40.357 [ForkJoinPool-1-worker-2] DEBUG org.apache.http.headers - http-outgoing-0 &gt;&gt; Accept-Encoding: gzip,deflate
22:59:40.357 [ForkJoinPool-1-worker-2] DEBUG org.apache.http.wire - http-outgoing-0 &gt;&gt; &quot;GET /api/users/2 HTTP/1.1[\r][\n]&quot;
22:59:40.357 [ForkJoinPool-1-worker-2] DEBUG org.apache.http.wire - http-outgoing-0 &gt;&gt; &quot;Host: reqres.in[\r][\n]&quot;
22:59:40.357 [ForkJoinPool-1-worker-2] DEBUG org.apache.http.wire - http-outgoing-0 &gt;&gt; &quot;Connection: Keep-Alive[\r][\n]&quot;
22:59:40.357 [ForkJoinPool-1-worker-2] DEBUG org.apache.http.wire - http-outgoing-0 &gt;&gt; &quot;User-Agent: Apache-HttpClient/4.5.5 (Java/1.8.0_201)[\r][\n]&quot;
22:59:40.357 [ForkJoinPool-1-worker-2] DEBUG org.apache.http.wire - http-outgoing-0 &gt;&gt; &quot;Accept-Encoding: gzip,deflate[\r][\n]&quot;
22:59:40.357 [ForkJoinPool-1-worker-2] DEBUG org.apache.http.wire - http-outgoing-0 &gt;&gt; &quot;[\r][\n]&quot;
22:59:40.359 [ForkJoinPool-1-worker-1] DEBUG org.apache.http.wire - http-outgoing-1 &lt;&lt; &quot;HTTP/1.1 200 OK[\r][\n]&quot;
22:59:40.359 [ForkJoinPool-1-worker-1] DEBUG org.apache.http.wire - http-outgoing-1 &lt;&lt; &quot;Date: Thu, 17 Oct 2019 17:29:40 GMT[\r][\n]&quot;
22:59:40.359 [ForkJoinPool-1-worker-1] DEBUG org.apache.http.wire - http-outgoing-1 &lt;&lt; &quot;Content-Type: application/json; charset=utf-8[\r][\n]&quot;
22:59:40.359 [ForkJoinPool-1-worker-1] DEBUG org.apache.http.wire - http-outgoing-1 &lt;&lt; &quot;Transfer-Encoding: chunked[\r][\n]&quot;
22:59:40.359 [ForkJoinPool-1-worker-1] DEBUG org.apache.http.wire - http-outgoing-1 &lt;&lt; &quot;Connection: keep-alive[\r][\n]&quot;
22:59:40.359 [ForkJoinPool-1-worker-1] DEBUG org.apache.http.wire - http-outgoing-1 &lt;&lt; &quot;Set-Cookie: __cfduid=d3f4a705783dfd2f7cb9802b5df7486e31571333380; expires=Fri, 16-Oct-20 17:29:40 GMT; path=/; domain=.reqres.in; HttpOnly; Secure[\r][\n]&quot;
22:59:40.360 [ForkJoinPool-1-worker-1] DEBUG org.apache.http.wire - http-outgoing-1 &lt;&lt; &quot;X-Powered-By: Express[\r][\n]&quot;
22:59:40.360 [ForkJoinPool-1-worker-1] DEBUG org.apache.http.wire - http-outgoing-1 &lt;&lt; &quot;Access-Control-Allow-Origin: *[\r][\n]&quot;
22:59:40.360 [ForkJoinPool-1-worker-1] DEBUG org.apache.http.wire - http-outgoing-1 &lt;&lt; &quot;Etag: W/&quot;414-k36Lu9tCb0XMJeh2/UG19C4xbw4&quot;[\r][\n]&quot;
22:59:40.360 [ForkJoinPool-1-worker-1] DEBUG org.apache.http.wire - http-outgoing-1 &lt;&lt; &quot;Via: 1.1 vegur[\r][\n]&quot;
22:59:40.360 [ForkJoinPool-1-worker-1] DEBUG org.apache.http.wire - http-outgoing-1 &lt;&lt; &quot;CF-Cache-Status: HIT[\r][\n]&quot;
22:59:40.360 [ForkJoinPool-1-worker-1] DEBUG org.apache.http.wire - http-outgoing-1 &lt;&lt; &quot;Age: 6559[\r][\n]&quot;
22:59:40.360 [ForkJoinPool-1-worker-1] DEBUG org.apache.http.wire - http-outgoing-1 &lt;&lt; &quot;Expires: Thu, 17 Oct 2019 21:29:40 GMT[\r][\n]&quot;
22:59:40.360 [ForkJoinPool-1-worker-1] DEBUG org.apache.http.wire - http-outgoing-1 &lt;&lt; &quot;Cache-Control: public, max-age=14400[\r][\n]&quot;
22:59:40.360 [ForkJoinPool-1-worker-1] DEBUG org.apache.http.wire - http-outgoing-1 &lt;&lt; &quot;Expect-CT: max-age=604800, report-uri=&quot;https://report-uri.cloudflare.com/cdn-cgi/beacon/expect-ct&quot;[\r][\n]&quot;
22:59:40.360 [ForkJoinPool-1-worker-1] DEBUG org.apache.http.wire - http-outgoing-1 &lt;&lt; &quot;Vary: Accept-Encoding[\r][\n]&quot;
22:59:40.360 [ForkJoinPool-1-worker-1] DEBUG org.apache.http.wire - http-outgoing-1 &lt;&lt; &quot;Server: cloudflare[\r][\n]&quot;
22:59:40.360 [ForkJoinPool-1-worker-1] DEBUG org.apache.http.wire - http-outgoing-1 &lt;&lt; &quot;CF-RAY: 5273fefb3a99e0a2-IAD[\r][\n]&quot;
22:59:40.360 [ForkJoinPool-1-worker-1] DEBUG org.apache.http.wire - http-outgoing-1 &lt;&lt; &quot;Content-Encoding: gzip[\r][\n]&quot;
22:59:40.360 [ForkJoinPool-1-worker-1] DEBUG org.apache.http.wire - http-outgoing-1 &lt;&lt; &quot;[\r][\n]&quot;
22:59:40.360 [ForkJoinPool-1-worker-1] DEBUG org.apache.http.wire - http-outgoing-1 &lt;&lt; &quot;15d[\r][\n]&quot;
22:59:40.360 [ForkJoinPool-1-worker-1] DEBUG org.apache.http.wire - http-outgoing-1 &lt;&lt; &quot;[0x1f][0x8b][0x8][0x0][0x0][0x0][0x0][0x0][0x0][0x3][0xa5][0xd3]=k[0xc3]0[0x10][0x6][0xe0][0xff]r[0xb3][0x91][0xeb][0x84][0xb6][0xa9][0xa6]R[0xe8][0xc7][0x90].[0xa5][)[0xe1]b[0x9f]m5[0x92][0xe5][0x9e]d[0x9b]4[0xe4][0xbf][0x97][0xc8]-[0x6][0x9b]d[0xf1]&quot;[0xa4][0xd3][0xfb][0xc2]3H[0x7][0xa8][0xb1] [0x90][0x8b][0x8]j[0xe2]M[0xb8][0x89][0xc0][[0x8f][0x1a]d[0xb2][0xf8][0xdb][0x86][0x1b][0x17]r[0x19]z[0x4][0xf9]q[0x0][0x95][0x81][0xbc][0x8d][0x80][0xc]*[\r][0x12][0x8c]JK$-4v[0xce]V[0xf7]L[0xdf]LN[0xa8][\n]&quot;
22:59:40.360 [ForkJoinPool-1-worker-1] DEBUG org.apache.http.wire - http-outgoing-1 &lt;&lt; &quot;&quot;[0xc8][0x15];[0xbf][0xa9][0xd0][0x10]Hx[0xed]s[0x10][0x81][0xc6]a[0xba][0xe]-[0x88][0x0][[0xf4][0xc8] [0xa1][0xf4][0xbe]v2[0x8e][0xdd]R[0xa0][0xc1][0x1f][a[0xe7]DjM[0xdc][0xa8][0x1c]Srq[0xbf][0xfa]NyO[0x1c][0xe7]Vk[0xf2]~[0xb7][0xd7][0x14]&apos;[0x8b][0x95][0xf8][0xaa][0xb]8F[0xbd]r5([0xb5][0xaa]2[0x87]{[0x91][0x13][0x17][0xcd]E[0xe7][0xba]O[0x8e][0x9c]O[0xbd][0x19]Rd[0xc4]e[0xb2][0xba][0x9e]0[0xef][0x6][0xa6][0xb7][[0x85]N[0xe4]M[0xb5][0xa3][0xf3][0xc4][0xf7][0x90][0x1a][0xb]O[0x9d][0x19][0xbc]V[0xb5][0xb4][0xab][0xb9][0xe5][0x89]/[0xb9][0x1a][0x80][0xdb]=[0xdb]J[0xe4][0x8a]t[0xe6][0xce][0x3][0x1f]N[0xa9][0xb1]/tf[0x0][0xb9]q[0xce]R[0xd6]L}[0xc9][0xe0]+[0xc8]rA[0x82][0xb2][0xe][0xf9][0x92][0xf0]9[0xe4]F[0xc4][0xc7][0xbe]5[0xc3]h[0xd8]X[0xc5]4}[0x8a][0xa7][0x1f][0xf5]odLK[0xd2][0xa2][0xb4][0x1d]i}[0x9e][0xf8][0x16]b#[0xe2]K([0xcd][0x10][0x96][0xb4]%[0xf6][\n]&quot;
22:59:40.361 [ForkJoinPool-1-worker-1] DEBUG org.apache.http.wire - http-outgoing-1 &lt;&lt; &quot;[0xb5]![0x95][0xe1][0xe0][0xfc]&lt;[0xfe][0x2]8[0xaa][0xee]b[0x14][0x4][0x0][0x0][\r][\n]&quot;
22:59:40.363 [ForkJoinPool-1-worker-1] DEBUG org.apache.http.headers - http-outgoing-1 &lt;&lt; HTTP/1.1 200 OK
22:59:40.363 [ForkJoinPool-1-worker-1] DEBUG org.apache.http.headers - http-outgoing-1 &lt;&lt; Date: Thu, 17 Oct 2019 17:29:40 GMT
22:59:40.363 [ForkJoinPool-1-worker-1] DEBUG org.apache.http.headers - http-outgoing-1 &lt;&lt; Content-Type: application/json; charset=utf-8
22:59:40.363 [ForkJoinPool-1-worker-1] DEBUG org.apache.http.headers - http-outgoing-1 &lt;&lt; Transfer-Encoding: chunked
22:59:40.363 [ForkJoinPool-1-worker-1] DEBUG org.apache.http.headers - http-outgoing-1 &lt;&lt; Connection: keep-alive
22:59:40.363 [ForkJoinPool-1-worker-1] DEBUG org.apache.http.headers - http-outgoing-1 &lt;&lt; Set-Cookie: __cfduid=d3f4a705783dfd2f7cb9802b5df7486e31571333380; expires=Fri, 16-Oct-20 17:29:40 GMT; path=/; domain=.reqres.in; HttpOnly; Secure
22:59:40.363 [ForkJoinPool-1-worker-1] DEBUG org.apache.http.headers - http-outgoing-1 &lt;&lt; X-Powered-By: Express
22:59:40.363 [ForkJoinPool-1-worker-1] DEBUG org.apache.http.headers - http-outgoing-1 &lt;&lt; Access-Control-Allow-Origin: *
22:59:40.363 [ForkJoinPool-1-worker-1] DEBUG org.apache.http.headers - http-outgoing-1 &lt;&lt; Etag: W/&quot;414-k36Lu9tCb0XMJeh2/UG19C4xbw4&quot;
22:59:40.363 [ForkJoinPool-1-worker-1] DEBUG org.apache.http.headers - http-outgoing-1 &lt;&lt; Via: 1.1 vegur
22:59:40.363 [ForkJoinPool-1-worker-1] DEBUG org.apache.http.headers - http-outgoing-1 &lt;&lt; CF-Cache-Status: HIT
22:59:40.363 [ForkJoinPool-1-worker-1] DEBUG org.apache.http.headers - http-outgoing-1 &lt;&lt; Age: 6559
22:59:40.363 [ForkJoinPool-1-worker-1] DEBUG org.apache.http.headers - http-outgoing-1 &lt;&lt; Expires: Thu, 17 Oct 2019 21:29:40 GMT
22:59:40.363 [ForkJoinPool-1-worker-1] DEBUG org.apache.http.headers - http-outgoing-1 &lt;&lt; Cache-Control: public, max-age=14400
22:59:40.364 [ForkJoinPool-1-worker-1] DEBUG org.apache.http.headers - http-outgoing-1 &lt;&lt; Expect-CT: max-age=604800, report-uri=&quot;https://report-uri.cloudflare.com/cdn-cgi/beacon/expect-ct&quot;
22:59:40.364 [ForkJoinPool-1-worker-1] DEBUG org.apache.http.headers - http-outgoing-1 &lt;&lt; Vary: Accept-Encoding
22:59:40.364 [ForkJoinPool-1-worker-1] DEBUG org.apache.http.headers - http-outgoing-1 &lt;&lt; Server: cloudflare
22:59:40.364 [ForkJoinPool-1-worker-1] DEBUG org.apache.http.headers - http-outgoing-1 &lt;&lt; CF-RAY: 5273fefb3a99e0a2-IAD
22:59:40.364 [ForkJoinPool-1-worker-1] DEBUG org.apache.http.headers - http-outgoing-1 &lt;&lt; Content-Encoding: gzip
22:59:40.591 [ForkJoinPool-1-worker-2] DEBUG org.apache.http.wire - http-outgoing-0 &lt;&lt; &quot;HTTP/1.1 200 OK[\r][\n]&quot;
22:59:40.591 [ForkJoinPool-1-worker-2] DEBUG org.apache.http.wire - http-outgoing-0 &lt;&lt; &quot;Date: Thu, 17 Oct 2019 17:29:40 GMT[\r][\n]&quot;
22:59:40.591 [ForkJoinPool-1-worker-2] DEBUG org.apache.http.wire - http-outgoing-0 &lt;&lt; &quot;Content-Type: application/json; charset=utf-8[\r][\n]&quot;
22:59:40.591 [ForkJoinPool-1-worker-2] DEBUG org.apache.http.wire - http-outgoing-0 &lt;&lt; &quot;Transfer-Encoding: chunked[\r][\n]&quot;
22:59:40.591 [ForkJoinPool-1-worker-2] DEBUG org.apache.http.wire - http-outgoing-0 &lt;&lt; &quot;Connection: keep-alive[\r][\n]&quot;
22:59:40.591 [ForkJoinPool-1-worker-2] DEBUG org.apache.http.wire - http-outgoing-0 &lt;&lt; &quot;Set-Cookie: __cfduid=da992236175f7ade98050f800e224eae71571333380; expires=Fri, 16-Oct-20 17:29:40 GMT; path=/; domain=.reqres.in; HttpOnly; Secure[\r][\n]&quot;
22:59:40.591 [ForkJoinPool-1-worker-2] DEBUG org.apache.http.wire - http-outgoing-0 &lt;&lt; &quot;X-Powered-By: Express[\r][\n]&quot;
22:59:40.591 [ForkJoinPool-1-worker-2] DEBUG org.apache.http.wire - http-outgoing-0 &lt;&lt; &quot;Access-Control-Allow-Origin: *[\r][\n]&quot;
22:59:40.591 [ForkJoinPool-1-worker-2] DEBUG org.apache.http.wire - http-outgoing-0 &lt;&lt; &quot;Etag: W/&quot;aa-yZW/45DWGt/1ri05OLnMt/FJ3RY&quot;[\r][\n]&quot;
22:59:40.592 [ForkJoinPool-1-worker-2] DEBUG org.apache.http.wire - http-outgoing-0 &lt;&lt; &quot;Via: 1.1 vegur[\r][\n]&quot;
22:59:40.592 [ForkJoinPool-1-worker-2] DEBUG org.apache.http.wire - http-outgoing-0 &lt;&lt; &quot;CF-Cache-Status: HIT[\r][\n]&quot;
22:59:40.592 [ForkJoinPool-1-worker-2] DEBUG org.apache.http.wire - http-outgoing-0 &lt;&lt; &quot;Age: 6562[\r][\n]&quot;
22:59:40.592 [ForkJoinPool-1-worker-2] DEBUG org.apache.http.wire - http-outgoing-0 &lt;&lt; &quot;Expires: Thu, 17 Oct 2019 21:29:40 GMT[\r][\n]&quot;
22:59:40.592 [ForkJoinPool-1-worker-2] DEBUG org.apache.http.wire - http-outgoing-0 &lt;&lt; &quot;Cache-Control: public, max-age=14400[\r][\n]&quot;
22:59:40.592 [ForkJoinPool-1-worker-2] DEBUG org.apache.http.wire - http-outgoing-0 &lt;&lt; &quot;Expect-CT: max-age=604800, report-uri=&quot;https://report-uri.cloudflare.com/cdn-cgi/beacon/expect-ct&quot;[\r][\n]&quot;
22:59:40.592 [ForkJoinPool-1-worker-2] DEBUG org.apache.http.wire - http-outgoing-0 &lt;&lt; &quot;Vary: Accept-Encoding[\r][\n]&quot;
22:59:40.592 [ForkJoinPool-1-worker-2] DEBUG org.apache.http.wire - http-outgoing-0 &lt;&lt; &quot;Server: cloudflare[\r][\n]&quot;
22:59:40.592 [ForkJoinPool-1-worker-2] DEBUG org.apache.http.wire - http-outgoing-0 &lt;&lt; &quot;CF-RAY: 5273fefb4d80cf18-IAD[\r][\n]&quot;
22:59:40.592 [ForkJoinPool-1-worker-2] DEBUG org.apache.http.wire - http-outgoing-0 &lt;&lt; &quot;Content-Encoding: gzip[\r][\n]&quot;
22:59:40.592 [ForkJoinPool-1-worker-2] DEBUG org.apache.http.wire - http-outgoing-0 &lt;&lt; &quot;[\r][\n]&quot;
22:59:40.592 [ForkJoinPool-1-worker-2] DEBUG org.apache.http.wire - http-outgoing-0 &lt;&lt; &quot;96[\r][\n]&quot;
22:59:40.592 [ForkJoinPool-1-worker-2] DEBUG org.apache.http.wire - http-outgoing-0 &lt;&lt; &quot;[0x1f][0x8b][0x8][0x0][0x0][0x0][0x0][0x0][0x0][0x3]E[0x8b][0xb1][0xe][0xc2]0[0xc][0x5][0xff][0xe5][0xcd]Q&quot;[0xca][0x82]21[0xf3][0x3][0x8c][0xc8]j][0xea][0xa8]IKlZ[0x89][0xaa][0xff][0x8e][0x80][0x81][0xe5][0x86][0xd3][0xdd][0x86][0x8e][0x8c][0x10]7H[0x87][0xd8]8p&amp;[0x19][0x11][0x91][0xa8][0xb0][0xf9][0x95]i[0xe1]z[0xae][0xfc][0xa8][0xac]^[\n]&quot;
22:59:40.592 [ForkJoinPool-1-worker-2] DEBUG org.apache.http.wire - http-outgoing-0 &lt;&lt; &quot;[0x1c]z[0xa9]j[0xb7]B[0x99][0x11]q[0xf9]Tp[0x18][0xe9][0xef][0xae][0xdf][0x7][0xe][0xb4][0x90]QE[0xc4]`6k[0xc]A[0x8f][0x9e]2[0xbd][0xa6]B[0xab][0xfa]v[0xca][0xe1])=[0xb5][0xac][0xe1]G[[0xc5][0x8c]kH[0x93][0xf2]&lt;[0xa8][0xb1][0x94]phN&gt;[0xcd]w[0xec][0xfb][0x1b][0x86]iKa[0xaa][0x0][0x0][0x0][\r][\n]&quot;
22:59:40.592 [ForkJoinPool-1-worker-2] DEBUG org.apache.http.headers - http-outgoing-0 &lt;&lt; HTTP/1.1 200 OK
22:59:40.592 [ForkJoinPool-1-worker-2] DEBUG org.apache.http.headers - http-outgoing-0 &lt;&lt; Date: Thu, 17 Oct 2019 17:29:40 GMT
22:59:40.593 [ForkJoinPool-1-worker-2] DEBUG org.apache.http.headers - http-outgoing-0 &lt;&lt; Content-Type: application/json; charset=utf-8
22:59:40.593 [ForkJoinPool-1-worker-2] DEBUG org.apache.http.headers - http-outgoing-0 &lt;&lt; Transfer-Encoding: chunked
22:59:40.593 [ForkJoinPool-1-worker-2] DEBUG org.apache.http.headers - http-outgoing-0 &lt;&lt; Connection: keep-alive
22:59:40.593 [ForkJoinPool-1-worker-2] DEBUG org.apache.http.headers - http-outgoing-0 &lt;&lt; Set-Cookie: __cfduid=da992236175f7ade98050f800e224eae71571333380; expires=Fri, 16-Oct-20 17:29:40 GMT; path=/; domain=.reqres.in; HttpOnly; Secure
22:59:40.593 [ForkJoinPool-1-worker-2] DEBUG org.apache.http.headers - http-outgoing-0 &lt;&lt; X-Powered-By: Express
22:59:40.593 [ForkJoinPool-1-worker-2] DEBUG org.apache.http.headers - http-outgoing-0 &lt;&lt; Access-Control-Allow-Origin: *
22:59:40.593 [ForkJoinPool-1-worker-2] DEBUG org.apache.http.headers - http-outgoing-0 &lt;&lt; Etag: W/&quot;aa-yZW/45DWGt/1ri05OLnMt/FJ3RY&quot;
22:59:40.593 [ForkJoinPool-1-worker-2] DEBUG org.apache.http.headers - http-outgoing-0 &lt;&lt; Via: 1.1 vegur
22:59:40.593 [ForkJoinPool-1-worker-2] DEBUG org.apache.http.headers - http-outgoing-0 &lt;&lt; CF-Cache-Status: HIT
22:59:40.593 [ForkJoinPool-1-worker-2] DEBUG org.apache.http.headers - http-outgoing-0 &lt;&lt; Age: 6562
22:59:40.593 [ForkJoinPool-1-worker-2] DEBUG org.apache.http.headers - http-outgoing-0 &lt;&lt; Expires: Thu, 17 Oct 2019 21:29:40 GMT
22:59:40.593 [ForkJoinPool-1-worker-2] DEBUG org.apache.http.headers - http-outgoing-0 &lt;&lt; Cache-Control: public, max-age=14400
22:59:40.593 [ForkJoinPool-1-worker-2] DEBUG org.apache.http.headers - http-outgoing-0 &lt;&lt; Expect-CT: max-age=604800, report-uri=&quot;https://report-uri.cloudflare.com/cdn-cgi/beacon/expect-ct&quot;
22:59:40.593 [ForkJoinPool-1-worker-2] DEBUG org.apache.http.headers - http-outgoing-0 &lt;&lt; Vary: Accept-Encoding
22:59:40.593 [ForkJoinPool-1-worker-2] DEBUG org.apache.http.headers - http-outgoing-0 &lt;&lt; Server: cloudflare
22:59:40.593 [ForkJoinPool-1-worker-2] DEBUG org.apache.http.headers - http-outgoing-0 &lt;&lt; CF-RAY: 5273fefb4d80cf18-IAD
22:59:40.593 [ForkJoinPool-1-worker-2] DEBUG org.apache.http.headers - http-outgoing-0 &lt;&lt; Content-Encoding: gzip
22:59:40.593 [ForkJoinPool-1-worker-3] DEBUG org.apache.http.wire - http-outgoing-2 &lt;&lt; &quot;HTTP/1.1 200 OK[\r][\n]&quot;
22:59:40.594 [ForkJoinPool-1-worker-3] DEBUG org.apache.http.wire - http-outgoing-2 &lt;&lt; &quot;Date: Thu, 17 Oct 2019 17:29:40 GMT[\r][\n]&quot;
22:59:40.594 [ForkJoinPool-1-worker-3] DEBUG org.apache.http.wire - http-outgoing-2 &lt;&lt; &quot;Content-Type: application/json; charset=utf-8[\r][\n]&quot;
22:59:40.594 [ForkJoinPool-1-worker-3] DEBUG org.apache.http.wire - http-outgoing-2 &lt;&lt; &quot;Transfer-Encoding: chunked[\r][\n]&quot;
22:59:40.594 [ForkJoinPool-1-worker-3] DEBUG org.apache.http.wire - http-outgoing-2 &lt;&lt; &quot;Connection: keep-alive[\r][\n]&quot;
22:59:40.594 [ForkJoinPool-1-worker-3] DEBUG org.apache.http.wire - http-outgoing-2 &lt;&lt; &quot;Set-Cookie: __cfduid=db37742aae8e13473779f3c7985d0eee91571333380; expires=Fri, 16-Oct-20 17:29:40 GMT; path=/; domain=.reqres.in; HttpOnly; Secure[\r][\n]&quot;
22:59:40.594 [ForkJoinPool-1-worker-3] DEBUG org.apache.http.wire - http-outgoing-2 &lt;&lt; &quot;X-Powered-By: Express[\r][\n]&quot;
22:59:40.594 [ForkJoinPool-1-worker-3] DEBUG org.apache.http.wire - http-outgoing-2 &lt;&lt; &quot;Access-Control-Allow-Origin: *[\r][\n]&quot;
22:59:40.594 [ForkJoinPool-1-worker-3] DEBUG org.apache.http.wire - http-outgoing-2 &lt;&lt; &quot;Etag: W/&quot;a5-YtUhMQeiVyAJI9FGsVEf99fz6Xw&quot;[\r][\n]&quot;
22:59:40.594 [ForkJoinPool-1-worker-3] DEBUG org.apache.http.wire - http-outgoing-2 &lt;&lt; &quot;Via: 1.1 vegur[\r][\n]&quot;
22:59:40.594 [ForkJoinPool-1-worker-3] DEBUG org.apache.http.wire - http-outgoing-2 &lt;&lt; &quot;CF-Cache-Status: REVALIDATED[\r][\n]&quot;
22:59:40.594 [ForkJoinPool-1-worker-3] DEBUG org.apache.http.wire - http-outgoing-2 &lt;&lt; &quot;Expires: Thu, 17 Oct 2019 21:29:40 GMT[\r][\n]&quot;
22:59:40.594 [ForkJoinPool-1-worker-3] DEBUG org.apache.http.wire - http-outgoing-2 &lt;&lt; &quot;Cache-Control: public, max-age=14400[\r][\n]&quot;
22:59:40.594 [ForkJoinPool-1-worker-3] DEBUG org.apache.http.wire - http-outgoing-2 &lt;&lt; &quot;Expect-CT: max-age=604800, report-uri=&quot;https://report-uri.cloudflare.com/cdn-cgi/beacon/expect-ct&quot;[\r][\n]&quot;
22:59:40.594 [ForkJoinPool-1-worker-3] DEBUG org.apache.http.wire - http-outgoing-2 &lt;&lt; &quot;Vary: Accept-Encoding[\r][\n]&quot;
22:59:40.594 [ForkJoinPool-1-worker-3] DEBUG org.apache.http.wire - http-outgoing-2 &lt;&lt; &quot;Server: cloudflare[\r][\n]&quot;
22:59:40.594 [ForkJoinPool-1-worker-3] DEBUG org.apache.http.wire - http-outgoing-2 &lt;&lt; &quot;CF-RAY: 5273fefb3a0a958a-IAD[\r][\n]&quot;
22:59:40.594 [ForkJoinPool-1-worker-3] DEBUG org.apache.http.wire - http-outgoing-2 &lt;&lt; &quot;Content-Encoding: gzip[\r][\n]&quot;
22:59:40.595 [ForkJoinPool-1-worker-3] DEBUG org.apache.http.wire - http-outgoing-2 &lt;&lt; &quot;[\r][\n]&quot;
22:59:40.595 [ForkJoinPool-1-worker-3] DEBUG org.apache.http.wire - http-outgoing-2 &lt;&lt; &quot;94[\r][\n]&quot;
22:59:40.595 [ForkJoinPool-1-worker-3] DEBUG org.apache.http.wire - http-outgoing-2 &lt;&lt; &quot;[0x1f][0x8b][0x8][0x0][0x0][0x0][0x0][0x0][0x0][0x3]E[0xc8]1[0xe][0xc2]0[0x10][0x4][0xc0][0xbf]l[0x1d][0xd9][0x82]4[0xc8][0x15][\r]o[0xa0]D+r1F9;[0xd8]G&quot;[0x11][0xe5][0xef][0x14][0x14]4S[0xcc][0x86][0x81]F[0x84][\r]i@[0xe8];[0x88]2M[0x8][0x10]U[0xba][0xb5][0xe4]x[0xae][0xf2][0xaa][0xd2]\[0xca][0xe8]0[0xa6][0xda][0xec][0x96][0xa9][0x82][0x80][0x8b]*[0xd1]a[0xe2][0xbf][0xae]%Gt[0xe0]BcE[0xc0][0xc3]ln[0xc1][0xfb][0xd6];*?%sm[0xee]^[0xd4][0xbf][0xd3][0xc8][0xbb]4[0xff][0xd3][0xd6]d&amp;[0xd5][0x97]I[0xe2]\b[0x19]([0x8b]?[0x1c]O[0xee]9G[0xec][0xfb][0x17][0xc3][0xa6][0xdc][0x5][0xa5][0x0][0x0][0x0][\r][\n]&quot;
22:59:40.595 [ForkJoinPool-1-worker-3] DEBUG org.apache.http.headers - http-outgoing-2 &lt;&lt; HTTP/1.1 200 OK
22:59:40.595 [ForkJoinPool-1-worker-3] DEBUG org.apache.http.headers - http-outgoing-2 &lt;&lt; Date: Thu, 17 Oct 2019 17:29:40 GMT
22:59:40.595 [ForkJoinPool-1-worker-3] DEBUG org.apache.http.headers - http-outgoing-2 &lt;&lt; Content-Type: application/json; charset=utf-8
22:59:40.595 [ForkJoinPool-1-worker-3] DEBUG org.apache.http.headers - http-outgoing-2 &lt;&lt; Transfer-Encoding: chunked
22:59:40.595 [ForkJoinPool-1-worker-3] DEBUG org.apache.http.headers - http-outgoing-2 &lt;&lt; Connection: keep-alive
22:59:40.595 [ForkJoinPool-1-worker-3] DEBUG org.apache.http.headers - http-outgoing-2 &lt;&lt; Set-Cookie: __cfduid=db37742aae8e13473779f3c7985d0eee91571333380; expires=Fri, 16-Oct-20 17:29:40 GMT; path=/; domain=.reqres.in; HttpOnly; Secure
22:59:40.595 [ForkJoinPool-1-worker-3] DEBUG org.apache.http.headers - http-outgoing-2 &lt;&lt; X-Powered-By: Express
22:59:40.595 [ForkJoinPool-1-worker-3] DEBUG org.apache.http.headers - http-outgoing-2 &lt;&lt; Access-Control-Allow-Origin: *
22:59:40.595 [ForkJoinPool-1-worker-3] DEBUG org.apache.http.headers - http-outgoing-2 &lt;&lt; Etag: W/&quot;a5-YtUhMQeiVyAJI9FGsVEf99fz6Xw&quot;
22:59:40.595 [ForkJoinPool-1-worker-3] DEBUG org.apache.http.headers - http-outgoing-2 &lt;&lt; Via: 1.1 vegur
22:59:40.595 [ForkJoinPool-1-worker-3] DEBUG org.apache.http.headers - http-outgoing-2 &lt;&lt; CF-Cache-Status: REVALIDATED
22:59:40.595 [ForkJoinPool-1-worker-3] DEBUG org.apache.http.headers - http-outgoing-2 &lt;&lt; Expires: Thu, 17 Oct 2019 21:29:40 GMT
22:59:40.595 [ForkJoinPool-1-worker-3] DEBUG org.apache.http.headers - http-outgoing-2 &lt;&lt; Cache-Control: public, max-age=14400
22:59:40.595 [ForkJoinPool-1-worker-3] DEBUG org.apache.http.headers - http-outgoing-2 &lt;&lt; Expect-CT: max-age=604800, report-uri=&quot;https://report-uri.cloudflare.com/cdn-cgi/beacon/expect-ct&quot;
22:59:40.595 [ForkJoinPool-1-worker-3] DEBUG org.apache.http.headers - http-outgoing-2 &lt;&lt; Vary: Accept-Encoding
22:59:40.595 [ForkJoinPool-1-worker-3] DEBUG org.apache.http.headers - http-outgoing-2 &lt;&lt; Server: cloudflare
22:59:40.595 [ForkJoinPool-1-worker-3] DEBUG org.apache.http.headers - http-outgoing-2 &lt;&lt; CF-RAY: 5273fefb3a0a958a-IAD
22:59:40.595 [ForkJoinPool-1-worker-3] DEBUG org.apache.http.headers - http-outgoing-2 &lt;&lt; Content-Encoding: gzip
22:59:40.596 [ForkJoinPool-1-worker-3] DEBUG org.apache.http.impl.execchain.MainClientExec - Connection can be kept alive indefinitely
22:59:40.595 [ForkJoinPool-1-worker-1] DEBUG org.apache.http.impl.execchain.MainClientExec - Connection can be kept alive indefinitely
22:59:40.595 [ForkJoinPool-1-worker-2] DEBUG org.apache.http.impl.execchain.MainClientExec - Connection can be kept alive indefinitely
22:59:40.610 [ForkJoinPool-1-worker-3] DEBUG org.apache.http.client.protocol.ResponseProcessCookies - Cookie accepted [__cfduid=&quot;db37742aae8e13473779f3c7985d0eee91571333380&quot;, version:0, domain:reqres.in, path:/, expiry:Fri Oct 16 22:59:40 IST 2020]
22:59:40.614 [ForkJoinPool-1-worker-3] DEBUG org.apache.http.wire - http-outgoing-2 &lt;&lt; &quot;0[\r][\n]&quot;
22:59:40.614 [ForkJoinPool-1-worker-3] DEBUG org.apache.http.wire - http-outgoing-2 &lt;&lt; &quot;[\r][\n]&quot;
22:59:40.614 [ForkJoinPool-1-worker-3] DEBUG org.apache.http.impl.conn.PoolingHttpClientConnectionManager - Connection [id: 2][route: {s}-&gt;https://reqres.in:443] can be kept alive indefinitely
22:59:40.614 [ForkJoinPool-1-worker-3] DEBUG org.apache.http.impl.conn.DefaultManagedHttpClientConnection - http-outgoing-2: set socket timeout to 0
22:59:40.614 [ForkJoinPool-1-worker-3] DEBUG org.apache.http.impl.conn.PoolingHttpClientConnectionManager - Connection released: [id: 2][route: {s}-&gt;https://reqres.in:443][total kept alive: 1; route allocated: 1 of 5; total allocated: 1 of 10]
22:59:40.614 [ForkJoinPool-1-worker-3] DEBUG com.intuit.karate - response time in milliseconds: 592.21
1 &lt; 200
1 &lt; Access-Control-Allow-Origin: *
1 &lt; CF-Cache-Status: REVALIDATED
1 &lt; CF-RAY: 5273fefb3a0a958a-IAD
1 &lt; Cache-Control: public, max-age=14400
1 &lt; Connection: keep-alive
1 &lt; Content-Type: application/json; charset=utf-8
1 &lt; Date: Thu, 17 Oct 2019 17:29:40 GMT
1 &lt; Etag: W/&quot;a5-YtUhMQeiVyAJI9FGsVEf99fz6Xw&quot;
1 &lt; Expect-CT: max-age=604800, report-uri=&quot;https://report-uri.cloudflare.com/cdn-cgi/beacon/expect-ct&quot;
1 &lt; Expires: Thu, 17 Oct 2019 21:29:40 GMT
1 &lt; Server: cloudflare
1 &lt; Set-Cookie: __cfduid=db37742aae8e13473779f3c7985d0eee91571333380; expires=Fri, 16-Oct-20 17:29:40 GMT; path=/; domain=.reqres.in; HttpOnly; Secure
1 &lt; Transfer-Encoding: chunked
1 &lt; Vary: Accept-Encoding
1 &lt; Via: 1.1 vegur
1 &lt; X-Powered-By: Express
{&quot;data&quot;:{&quot;id&quot;:3,&quot;email&quot;:&quot;emma.wong@reqres.in&quot;,&quot;first_name&quot;:&quot;Emma&quot;,&quot;last_name&quot;:&quot;Wong&quot;,&quot;avatar&quot;:&quot;https://s3.amazonaws.com/uifaces/faces/twitter/olegpogodaev/128.jpg&quot;}}

22:59:40.615 [ForkJoinPool-1-worker-1] DEBUG org.apache.http.client.protocol.ResponseProcessCookies - Cookie accepted [__cfduid=&quot;d3f4a705783dfd2f7cb9802b5df7486e31571333380&quot;, version:0, domain:reqres.in, path:/, expiry:Fri Oct 16 22:59:40 IST 2020]
22:59:40.615 [ForkJoinPool-1-worker-1] DEBUG org.apache.http.wire - http-outgoing-1 &lt;&lt; &quot;0[\r][\n]&quot;
22:59:40.616 [ForkJoinPool-1-worker-1] DEBUG org.apache.http.wire - http-outgoing-1 &lt;&lt; &quot;[\r][\n]&quot;
22:59:40.616 [ForkJoinPool-1-worker-1] DEBUG org.apache.http.impl.conn.PoolingHttpClientConnectionManager - Connection [id: 0][route: {s}-&gt;https://reqres.in:443] can be kept alive indefinitely
22:59:40.616 [ForkJoinPool-1-worker-1] DEBUG org.apache.http.impl.conn.DefaultManagedHttpClientConnection - http-outgoing-1: set socket timeout to 0
22:59:40.616 [ForkJoinPool-1-worker-1] DEBUG org.apache.http.impl.conn.PoolingHttpClientConnectionManager - Connection released: [id: 0][route: {s}-&gt;https://reqres.in:443][total kept alive: 1; route allocated: 1 of 5; total allocated: 1 of 10]
22:59:40.616 [ForkJoinPool-1-worker-1] DEBUG com.intuit.karate - response time in milliseconds: 594.00
1 &lt; 200
1 &lt; Access-Control-Allow-Origin: *
1 &lt; Age: 6559
1 &lt; CF-Cache-Status: HIT
1 &lt; CF-RAY: 5273fefb3a99e0a2-IAD
1 &lt; Cache-Control: public, max-age=14400
1 &lt; Connection: keep-alive
1 &lt; Content-Type: application/json; charset=utf-8
1 &lt; Date: Thu, 17 Oct 2019 17:29:40 GMT
1 &lt; Etag: W/&quot;414-k36Lu9tCb0XMJeh2/UG19C4xbw4&quot;
1 &lt; Expect-CT: max-age=604800, report-uri=&quot;https://report-uri.cloudflare.com/cdn-cgi/beacon/expect-ct&quot;
1 &lt; Expires: Thu, 17 Oct 2019 21:29:40 GMT
1 &lt; Server: cloudflare
1 &lt; Set-Cookie: __cfduid=d3f4a705783dfd2f7cb9802b5df7486e31571333380; expires=Fri, 16-Oct-20 17:29:40 GMT; path=/; domain=.reqres.in; HttpOnly; Secure
1 &lt; Transfer-Encoding: chunked
1 &lt; Vary: Accept-Encoding
1 &lt; Via: 1.1 vegur
1 &lt; X-Powered-By: Express
{&quot;page&quot;:2,&quot;per_page&quot;:6,&quot;total&quot;:12,&quot;total_pages&quot;:2,&quot;data&quot;:[{&quot;id&quot;:7,&quot;email&quot;:&quot;michael.lawson@reqres.in&quot;,&quot;first_name&quot;:&quot;Michael&quot;,&quot;last_name&quot;:&quot;Lawson&quot;,&quot;avatar&quot;:&quot;https://s3.amazonaws.com/uifaces/faces/twitter/follettkyle/128.jpg&quot;},{&quot;id&quot;:8,&quot;email&quot;:&quot;lindsay.ferguson@reqres.in&quot;,&quot;first_name&quot;:&quot;Lindsay&quot;,&quot;last_name&quot;:&quot;Ferguson&quot;,&quot;avatar&quot;:&quot;https://s3.amazonaws.com/uifaces/faces/twitter/araa3185/128.jpg&quot;},{&quot;id&quot;:9,&quot;email&quot;:&quot;tobias.funke@reqres.in&quot;,&quot;first_name&quot;:&quot;Tobias&quot;,&quot;last_name&quot;:&quot;Funke&quot;,&quot;avatar&quot;:&quot;https://s3.amazonaws.com/uifaces/faces/twitter/vivekprvr/128.jpg&quot;},{&quot;id&quot;:10,&quot;email&quot;:&quot;byron.fields@reqres.in&quot;,&quot;first_name&quot;:&quot;Byron&quot;,&quot;last_name&quot;:&quot;Fields&quot;,&quot;avatar&quot;:&quot;https://s3.amazonaws.com/uifaces/faces/twitter/russoedu/128.jpg&quot;},{&quot;id&quot;:11,&quot;email&quot;:&quot;george.edwards@reqres.in&quot;,&quot;first_name&quot;:&quot;George&quot;,&quot;last_name&quot;:&quot;Edwards&quot;,&quot;avatar&quot;:&quot;https://s3.amazonaws.com/uifaces/faces/twitter/mrmoiree/128.jpg&quot;},{&quot;id&quot;:12,&quot;email&quot;:&quot;rachel.howell@reqres.in&quot;,&quot;first_name&quot;:&quot;Rachel&quot;,&quot;last_name&quot;:&quot;Howell&quot;,&quot;avatar&quot;:&quot;https://s3.amazonaws.com/uifaces/faces/twitter/hebertialmeida/128.jpg&quot;}]}

22:59:40.630 [ForkJoinPool-1-worker-2] DEBUG org.apache.http.client.protocol.ResponseProcessCookies - Cookie accepted [__cfduid=&quot;da992236175f7ade98050f800e224eae71571333380&quot;, version:0, domain:reqres.in, path:/, expiry:Fri Oct 16 22:59:40 IST 2020]
22:59:40.631 [ForkJoinPool-1-worker-2] DEBUG org.apache.http.wire - http-outgoing-0 &lt;&lt; &quot;0[\r][\n]&quot;
22:59:40.631 [ForkJoinPool-1-worker-2] DEBUG org.apache.http.wire - http-outgoing-0 &lt;&lt; &quot;[\r][\n]&quot;
22:59:40.631 [ForkJoinPool-1-worker-2] DEBUG org.apache.http.impl.conn.PoolingHttpClientConnectionManager - Connection [id: 1][route: {s}-&gt;https://reqres.in:443] can be kept alive indefinitely
22:59:40.631 [ForkJoinPool-1-worker-2] DEBUG org.apache.http.impl.conn.DefaultManagedHttpClientConnection - http-outgoing-0: set socket timeout to 0
22:59:40.631 [ForkJoinPool-1-worker-2] DEBUG org.apache.http.impl.conn.PoolingHttpClientConnectionManager - Connection released: [id: 1][route: {s}-&gt;https://reqres.in:443][total kept alive: 1; route allocated: 1 of 5; total allocated: 1 of 10]
22:59:40.631 [ForkJoinPool-1-worker-2] DEBUG com.intuit.karate - response time in milliseconds: 610.27
1 &lt; 200
1 &lt; Access-Control-Allow-Origin: *
1 &lt; Age: 6562
1 &lt; CF-Cache-Status: HIT
1 &lt; CF-RAY: 5273fefb4d80cf18-IAD
1 &lt; Cache-Control: public, max-age=14400
1 &lt; Connection: keep-alive
1 &lt; Content-Type: application/json; charset=utf-8
1 &lt; Date: Thu, 17 Oct 2019 17:29:40 GMT
1 &lt; Etag: W/&quot;aa-yZW/45DWGt/1ri05OLnMt/FJ3RY&quot;
1 &lt; Expect-CT: max-age=604800, report-uri=&quot;https://report-uri.cloudflare.com/cdn-cgi/beacon/expect-ct&quot;
1 &lt; Expires: Thu, 17 Oct 2019 21:29:40 GMT
1 &lt; Server: cloudflare
1 &lt; Set-Cookie: __cfduid=da992236175f7ade98050f800e224eae71571333380; expires=Fri, 16-Oct-20 17:29:40 GMT; path=/; domain=.reqres.in; HttpOnly; Secure
1 &lt; Transfer-Encoding: chunked
1 &lt; Vary: Accept-Encoding
1 &lt; Via: 1.1 vegur
1 &lt; X-Powered-By: Express
{&quot;data&quot;:{&quot;id&quot;:2,&quot;email&quot;:&quot;janet.weaver@reqres.in&quot;,&quot;first_name&quot;:&quot;Janet&quot;,&quot;last_name&quot;:&quot;Weaver&quot;,&quot;avatar&quot;:&quot;https://s3.amazonaws.com/uifaces/faces/twitter/josephstein/128.jpg&quot;}}

22:59:40.683 [ForkJoinPool-1-worker-3] DEBUG com.jayway.jsonpath.internal.path.CompiledPath - Evaluating path: $
22:59:40.689 [ForkJoinPool-1-worker-3] DEBUG com.jayway.jsonpath.internal.path.CompiledPath - Evaluating path: $[&apos;data&apos;]
22:59:40.689 [ForkJoinPool-1-worker-3] DEBUG com.jayway.jsonpath.internal.path.CompiledPath - Evaluating path: $
22:59:40.690 [ForkJoinPool-1-worker-3] DEBUG com.jayway.jsonpath.internal.path.CompiledPath - Evaluating path: $
22:59:40.691 [ForkJoinPool-1-worker-3] DEBUG com.jayway.jsonpath.internal.path.CompiledPath - Evaluating path: $[&apos;data&apos;]
22:59:40.691 [ForkJoinPool-1-worker-3] DEBUG com.jayway.jsonpath.internal.path.CompiledPath - Evaluating path: $
22:59:40.691 [ForkJoinPool-1-worker-3] DEBUG com.jayway.jsonpath.internal.path.CompiledPath - Evaluating path: $
22:59:40.691 [ForkJoinPool-1-worker-3] DEBUG com.jayway.jsonpath.internal.path.CompiledPath - Evaluating path: $[&apos;data&apos;]
22:59:40.691 [ForkJoinPool-1-worker-3] DEBUG com.jayway.jsonpath.internal.path.CompiledPath - Evaluating path: $
22:59:40.692 [ForkJoinPool-1-worker-2] DEBUG com.jayway.jsonpath.internal.path.CompiledPath - Evaluating path: $
22:59:40.692 [ForkJoinPool-1-worker-2] DEBUG com.jayway.jsonpath.internal.path.CompiledPath - Evaluating path: $[&apos;data&apos;]
22:59:40.692 [ForkJoinPool-1-worker-2] DEBUG com.jayway.jsonpath.internal.path.CompiledPath - Evaluating path: $
22:59:40.693 [ForkJoinPool-1-worker-2] DEBUG com.jayway.jsonpath.internal.path.CompiledPath - Evaluating path: $
22:59:40.693 [ForkJoinPool-1-worker-2] DEBUG com.jayway.jsonpath.internal.path.CompiledPath - Evaluating path: $[&apos;data&apos;]
22:59:40.693 [ForkJoinPool-1-worker-2] DEBUG com.jayway.jsonpath.internal.path.CompiledPath - Evaluating path: $
22:59:40.693 [ForkJoinPool-1-worker-2] DEBUG com.jayway.jsonpath.internal.path.CompiledPath - Evaluating path: $
22:59:40.693 [ForkJoinPool-1-worker-2] DEBUG com.jayway.jsonpath.internal.path.CompiledPath - Evaluating path: $[&apos;data&apos;]
22:59:40.693 [ForkJoinPool-1-worker-1] DEBUG com.jayway.jsonpath.internal.path.CompiledPath - Evaluating path: $
22:59:40.693 [ForkJoinPool-1-worker-1] DEBUG com.jayway.jsonpath.internal.path.CompiledPath - Evaluating path: $
22:59:40.693 [ForkJoinPool-1-worker-1] DEBUG com.jayway.jsonpath.internal.path.CompiledPath - Evaluating path: $
22:59:40.694 [ForkJoinPool-1-worker-1] ERROR com.intuit.karate - assertion failed: path: $.per_page, actual: 6, expected: 3, reason: not equal (Integer)
22:59:40.693 [ForkJoinPool-1-worker-2] DEBUG com.jayway.jsonpath.internal.path.CompiledPath - Evaluating path: $
22:59:41.052 [pool-1-thread-1] INFO com.intuit.karate.Runner - &lt;&lt;fail&gt;&gt; feature 1 of 2: classpath:com/tutorials/karate/TestFeature.feature
22:59:41.052 [pool-1-thread-2] INFO com.intuit.karate.Runner - &lt;&lt;pass&gt;&gt; feature 2 of 2: classpath:com/tutorials/karate/User.feature
---------------------------------------------------------
feature: classpath:com/tutorials/karate/TestFeature.feature
report: target\surefire-reports\com.tutorials.karate.TestFeature.json
scenarios:  1 | passed:  0 | failed:  1 | time: 1.2690
---------------------------------------------------------
---------------------------------------------------------
feature: classpath:com/tutorials/karate/User.feature
report: target\surefire-reports\com.tutorials.karate.User.json
scenarios:  2 | passed:  2 | failed:  0 | time: 2.5406
---------------------------------------------------------
Karate version: 0.9.4
======================================================
elapsed:   2.16 | threads:    5 | thread time: 3.81 
features:     2 | ignored:    0 | efficiency: 0.35
scenarios:    3 | passed:     2 | failed: 1
======================================================
failed features:
com.tutorials.karate.TestFeature: TestFeature.feature:8 - path: $.per_page, actual: 6, expected: 3, reason: not equal (Integer)

22:59:42.583 [main] DEBUG org.apache.velocity - CommonsLogLogChute name is &apos;org.apache.velocity&apos;
22:59:42.583 [main] DEBUG org.apache.velocity - Initializing Velocity, Calling init()...
22:59:42.583 [main] DEBUG org.apache.velocity - Starting Apache Velocity v1.7 (compiled: 2010-11-19 12:14:37)
22:59:42.583 [main] DEBUG org.apache.velocity - Default Properties File: org\apache\velocity\runtime\defaults\velocity.properties
22:59:42.583 [main] DEBUG org.apache.velocity - Trying to use logger class org.apache.velocity.runtime.log.AvalonLogChute
22:59:42.583 [main] DEBUG org.apache.velocity - Target log system for org.apache.velocity.runtime.log.AvalonLogChute is not available (java.lang.NoClassDefFoundError: org/apache/log/format/Formatter).  Falling back to next log system...
22:59:42.583 [main] DEBUG org.apache.velocity - Trying to use logger class org.apache.velocity.runtime.log.Log4JLogChute
22:59:42.583 [main] DEBUG org.apache.velocity - Target log system for org.apache.velocity.runtime.log.Log4JLogChute is not available (java.lang.NoClassDefFoundError: org/apache/log4j/Layout).  Falling back to next log system...
22:59:42.583 [main] DEBUG org.apache.velocity - Trying to use logger class org.apache.velocity.runtime.log.CommonsLogLogChute
22:59:42.583 [main] DEBUG org.apache.velocity - Using logger class org.apache.velocity.runtime.log.CommonsLogLogChute
22:59:42.587 [main] DEBUG org.apache.velocity - ResourceLoader instantiated: org.apache.velocity.runtime.resource.loader.ClasspathResourceLoader
22:59:42.595 [main] DEBUG org.apache.velocity - ResourceCache: initialized (class org.apache.velocity.runtime.resource.ResourceCacheImpl) with class java.util.Collections$SynchronizedMap cache map.
22:59:42.596 [main] DEBUG org.apache.velocity - Loaded System Directive: org.apache.velocity.runtime.directive.Stop
22:59:42.597 [main] DEBUG org.apache.velocity - Loaded System Directive: org.apache.velocity.runtime.directive.Define
22:59:42.598 [main] DEBUG org.apache.velocity - Loaded System Directive: org.apache.velocity.runtime.directive.Break
22:59:42.598 [main] DEBUG org.apache.velocity - Loaded System Directive: org.apache.velocity.runtime.directive.Evaluate
22:59:42.599 [main] DEBUG org.apache.velocity - Loaded System Directive: org.apache.velocity.runtime.directive.Literal
22:59:42.600 [main] DEBUG org.apache.velocity - Loaded System Directive: org.apache.velocity.runtime.directive.Macro
22:59:42.601 [main] DEBUG org.apache.velocity - Loaded System Directive: org.apache.velocity.runtime.directive.Parse
22:59:42.603 [main] DEBUG org.apache.velocity - Loaded System Directive: org.apache.velocity.runtime.directive.Include
22:59:42.604 [main] DEBUG org.apache.velocity - Loaded System Directive: org.apache.velocity.runtime.directive.Foreach
22:59:42.634 [main] DEBUG org.apache.velocity - Created &apos;20&apos; parsers.
22:59:42.640 [main] DEBUG org.apache.velocity - Velocimacro : &quot;velocimacro.library&quot; is not set.  Trying default library: VM_global_library.vm
22:59:42.641 [main] DEBUG org.apache.velocity - Could not load resource &apos;VM_global_library.vm&apos; from ResourceLoader org.apache.velocity.runtime.resource.loader.ClasspathResourceLoader: ClasspathResourceLoader Error: cannot find resource VM_global_library.vm
22:59:42.641 [main] DEBUG org.apache.velocity - Velocimacro : Default library not found.
22:59:42.641 [main] DEBUG org.apache.velocity - Velocimacro : allowInline = true : VMs can be defined inline in templates
22:59:42.641 [main] DEBUG org.apache.velocity - Velocimacro : allowInlineToOverride = false : VMs defined inline may NOT replace previous VM definitions
22:59:42.641 [main] DEBUG org.apache.velocity - Velocimacro : allowInlineLocal = false : VMs defined inline will be global in scope if allowed.
22:59:42.641 [main] DEBUG org.apache.velocity - Velocimacro : autoload off : VM system will not automatically reload global library macros
22:59:42.718 [main] DEBUG org.apache.velocity - CommonsLogLogChute name is &apos;org.apache.velocity&apos;
22:59:42.718 [main] DEBUG org.apache.velocity - Initializing Velocity, Calling init()...
22:59:42.718 [main] DEBUG org.apache.velocity - Starting Apache Velocity v1.7 (compiled: 2010-11-19 12:14:37)
22:59:42.718 [main] DEBUG org.apache.velocity - Default Properties File: org\apache\velocity\runtime\defaults\velocity.properties
22:59:42.718 [main] DEBUG org.apache.velocity - Trying to use logger class org.apache.velocity.runtime.log.AvalonLogChute
22:59:42.719 [main] DEBUG org.apache.velocity - Target log system for org.apache.velocity.runtime.log.AvalonLogChute is not available (java.lang.NoClassDefFoundError: org/apache/log/format/Formatter).  Falling back to next log system...
22:59:42.719 [main] DEBUG org.apache.velocity - Trying to use logger class org.apache.velocity.runtime.log.Log4JLogChute
22:59:42.719 [main] DEBUG org.apache.velocity - Target log system for org.apache.velocity.runtime.log.Log4JLogChute is not available (java.lang.NoClassDefFoundError: org/apache/log4j/Layout).  Falling back to next log system...
22:59:42.719 [main] DEBUG org.apache.velocity - Trying to use logger class org.apache.velocity.runtime.log.CommonsLogLogChute
22:59:42.719 [main] DEBUG org.apache.velocity - Using logger class org.apache.velocity.runtime.log.CommonsLogLogChute
22:59:42.719 [main] DEBUG org.apache.velocity - ResourceLoader instantiated: org.apache.velocity.runtime.resource.loader.ClasspathResourceLoader
22:59:42.719 [main] DEBUG org.apache.velocity - ResourceCache: initialized (class org.apache.velocity.runtime.resource.ResourceCacheImpl) with class java.util.Collections$SynchronizedMap cache map.
22:59:42.720 [main] DEBUG org.apache.velocity - Loaded System Directive: org.apache.velocity.runtime.directive.Stop
22:59:42.720 [main] DEBUG org.apache.velocity - Loaded System Directive: org.apache.velocity.runtime.directive.Define
22:59:42.720 [main] DEBUG org.apache.velocity - Loaded System Directive: org.apache.velocity.runtime.directive.Break
22:59:42.720 [main] DEBUG org.apache.velocity - Loaded System Directive: org.apache.velocity.runtime.directive.Evaluate
22:59:42.720 [main] DEBUG org.apache.velocity - Loaded System Directive: org.apache.velocity.runtime.directive.Literal
22:59:42.720 [main] DEBUG org.apache.velocity - Loaded System Directive: org.apache.velocity.runtime.directive.Macro
22:59:42.720 [main] DEBUG org.apache.velocity - Loaded System Directive: org.apache.velocity.runtime.directive.Parse
22:59:42.720 [main] DEBUG org.apache.velocity - Loaded System Directive: org.apache.velocity.runtime.directive.Include
22:59:42.720 [main] DEBUG org.apache.velocity - Loaded System Directive: org.apache.velocity.runtime.directive.Foreach
22:59:42.721 [main] DEBUG org.apache.velocity - Created &apos;20&apos; parsers.
22:59:42.721 [main] DEBUG org.apache.velocity - Velocimacro : &quot;velocimacro.library&quot; is not set.  Trying default library: VM_global_library.vm
22:59:42.722 [main] DEBUG org.apache.velocity - Could not load resource &apos;VM_global_library.vm&apos; from ResourceLoader org.apache.velocity.runtime.resource.loader.ClasspathResourceLoader: ClasspathResourceLoader Error: cannot find resource VM_global_library.vm
22:59:42.722 [main] DEBUG org.apache.velocity - Velocimacro : Default library not found.
22:59:42.722 [main] DEBUG org.apache.velocity - Velocimacro : allowInline = true : VMs can be defined inline in templates
22:59:42.722 [main] DEBUG org.apache.velocity - Velocimacro : allowInlineToOverride = false : VMs defined inline may NOT replace previous VM definitions
22:59:42.722 [main] DEBUG org.apache.velocity - Velocimacro : allowInlineLocal = false : VMs defined inline will be global in scope if allowed.
22:59:42.722 [main] DEBUG org.apache.velocity - Velocimacro : autoload off : VM system will not automatically reload global library macros
22:59:42.723 [main] DEBUG org.apache.velocity - CommonsLogLogChute name is &apos;org.apache.velocity&apos;
22:59:42.724 [main] DEBUG org.apache.velocity - Initializing Velocity, Calling init()...
22:59:42.724 [main] DEBUG org.apache.velocity - Starting Apache Velocity v1.7 (compiled: 2010-11-19 12:14:37)
22:59:42.724 [main] DEBUG org.apache.velocity - Default Properties File: org\apache\velocity\runtime\defaults\velocity.properties
22:59:42.724 [main] DEBUG org.apache.velocity - Trying to use logger class org.apache.velocity.runtime.log.AvalonLogChute
22:59:42.724 [main] DEBUG org.apache.velocity - Target log system for org.apache.velocity.runtime.log.AvalonLogChute is not available (java.lang.NoClassDefFoundError: org/apache/log/format/Formatter).  Falling back to next log system...
22:59:42.724 [main] DEBUG org.apache.velocity - Trying to use logger class org.apache.velocity.runtime.log.Log4JLogChute
22:59:42.724 [main] DEBUG org.apache.velocity - Target log system for org.apache.velocity.runtime.log.Log4JLogChute is not available (java.lang.NoClassDefFoundError: org/apache/log4j/Layout).  Falling back to next log system...
22:59:42.724 [main] DEBUG org.apache.velocity - Trying to use logger class org.apache.velocity.runtime.log.CommonsLogLogChute
22:59:42.724 [main] DEBUG org.apache.velocity - Using logger class org.apache.velocity.runtime.log.CommonsLogLogChute
22:59:42.724 [main] DEBUG org.apache.velocity - ResourceLoader instantiated: org.apache.velocity.runtime.resource.loader.ClasspathResourceLoader
22:59:42.724 [main] DEBUG org.apache.velocity - ResourceCache: initialized (class org.apache.velocity.runtime.resource.ResourceCacheImpl) with class java.util.Collections$SynchronizedMap cache map.
22:59:42.725 [main] DEBUG org.apache.velocity - Loaded System Directive: org.apache.velocity.runtime.directive.Stop
22:59:42.725 [main] DEBUG org.apache.velocity - Loaded System Directive: org.apache.velocity.runtime.directive.Define
22:59:42.725 [main] DEBUG org.apache.velocity - Loaded System Directive: org.apache.velocity.runtime.directive.Break
22:59:42.725 [main] DEBUG org.apache.velocity - Loaded System Directive: org.apache.velocity.runtime.directive.Evaluate
22:59:42.725 [main] DEBUG org.apache.velocity - Loaded System Directive: org.apache.velocity.runtime.directive.Literal
22:59:42.725 [main] DEBUG org.apache.velocity - Loaded System Directive: org.apache.velocity.runtime.directive.Macro
22:59:42.725 [main] DEBUG org.apache.velocity - Loaded System Directive: org.apache.velocity.runtime.directive.Parse
22:59:42.725 [main] DEBUG org.apache.velocity - Loaded System Directive: org.apache.velocity.runtime.directive.Include
22:59:42.725 [main] DEBUG org.apache.velocity - Loaded System Directive: org.apache.velocity.runtime.directive.Foreach
22:59:42.726 [main] DEBUG org.apache.velocity - Created &apos;20&apos; parsers.
22:59:42.726 [main] DEBUG org.apache.velocity - Velocimacro : &quot;velocimacro.library&quot; is not set.  Trying default library: VM_global_library.vm
22:59:42.727 [main] DEBUG org.apache.velocity - Could not load resource &apos;VM_global_library.vm&apos; from ResourceLoader org.apache.velocity.runtime.resource.loader.ClasspathResourceLoader: ClasspathResourceLoader Error: cannot find resource VM_global_library.vm
22:59:42.727 [main] DEBUG org.apache.velocity - Velocimacro : Default library not found.
22:59:42.727 [main] DEBUG org.apache.velocity - Velocimacro : allowInline = true : VMs can be defined inline in templates
22:59:42.727 [main] DEBUG org.apache.velocity - Velocimacro : allowInlineToOverride = false : VMs defined inline may NOT replace previous VM definitions
22:59:42.727 [main] DEBUG org.apache.velocity - Velocimacro : allowInlineLocal = false : VMs defined inline will be global in scope if allowed.
22:59:42.727 [main] DEBUG org.apache.velocity - Velocimacro : autoload off : VM system will not automatically reload global library macros
22:59:42.734 [main] DEBUG org.apache.velocity - CommonsLogLogChute name is &apos;org.apache.velocity&apos;
22:59:42.734 [main] DEBUG org.apache.velocity - Initializing Velocity, Calling init()...
22:59:42.734 [main] DEBUG org.apache.velocity - Starting Apache Velocity v1.7 (compiled: 2010-11-19 12:14:37)
22:59:42.734 [main] DEBUG org.apache.velocity - Default Properties File: org\apache\velocity\runtime\defaults\velocity.properties
22:59:42.734 [main] DEBUG org.apache.velocity - Trying to use logger class org.apache.velocity.runtime.log.AvalonLogChute
22:59:42.734 [main] DEBUG org.apache.velocity - Target log system for org.apache.velocity.runtime.log.AvalonLogChute is not available (java.lang.NoClassDefFoundError: org/apache/log/format/Formatter).  Falling back to next log system...
22:59:42.734 [main] DEBUG org.apache.velocity - Trying to use logger class org.apache.velocity.runtime.log.Log4JLogChute
22:59:42.734 [main] DEBUG org.apache.velocity - Target log system for org.apache.velocity.runtime.log.Log4JLogChute is not available (java.lang.NoClassDefFoundError: org/apache/log4j/Layout).  Falling back to next log system...
22:59:42.734 [main] DEBUG org.apache.velocity - Trying to use logger class org.apache.velocity.runtime.log.CommonsLogLogChute
22:59:42.734 [main] DEBUG org.apache.velocity - Using logger class org.apache.velocity.runtime.log.CommonsLogLogChute
22:59:42.734 [main] DEBUG org.apache.velocity - ResourceLoader instantiated: org.apache.velocity.runtime.resource.loader.ClasspathResourceLoader
22:59:42.734 [main] DEBUG org.apache.velocity - ResourceCache: initialized (class org.apache.velocity.runtime.resource.ResourceCacheImpl) with class java.util.Collections$SynchronizedMap cache map.
22:59:42.735 [main] DEBUG org.apache.velocity - Loaded System Directive: org.apache.velocity.runtime.directive.Stop
22:59:42.735 [main] DEBUG org.apache.velocity - Loaded System Directive: org.apache.velocity.runtime.directive.Define
22:59:42.735 [main] DEBUG org.apache.velocity - Loaded System Directive: org.apache.velocity.runtime.directive.Break
22:59:42.735 [main] DEBUG org.apache.velocity - Loaded System Directive: org.apache.velocity.runtime.directive.Evaluate
22:59:42.735 [main] DEBUG org.apache.velocity - Loaded System Directive: org.apache.velocity.runtime.directive.Literal
22:59:42.735 [main] DEBUG org.apache.velocity - Loaded System Directive: org.apache.velocity.runtime.directive.Macro
22:59:42.735 [main] DEBUG org.apache.velocity - Loaded System Directive: org.apache.velocity.runtime.directive.Parse
22:59:42.735 [main] DEBUG org.apache.velocity - Loaded System Directive: org.apache.velocity.runtime.directive.Include
22:59:42.735 [main] DEBUG org.apache.velocity - Loaded System Directive: org.apache.velocity.runtime.directive.Foreach
22:59:42.736 [main] DEBUG org.apache.velocity - Created &apos;20&apos; parsers.
22:59:42.736 [main] DEBUG org.apache.velocity - Velocimacro : &quot;velocimacro.library&quot; is not set.  Trying default library: VM_global_library.vm
22:59:42.736 [main] DEBUG org.apache.velocity - Could not load resource &apos;VM_global_library.vm&apos; from ResourceLoader org.apache.velocity.runtime.resource.loader.ClasspathResourceLoader: ClasspathResourceLoader Error: cannot find resource VM_global_library.vm
22:59:42.736 [main] DEBUG org.apache.velocity - Velocimacro : Default library not found.
22:59:42.737 [main] DEBUG org.apache.velocity - Velocimacro : allowInline = true : VMs can be defined inline in templates
22:59:42.737 [main] DEBUG org.apache.velocity - Velocimacro : allowInlineToOverride = false : VMs defined inline may NOT replace previous VM definitions
22:59:42.737 [main] DEBUG org.apache.velocity - Velocimacro : allowInlineLocal = false : VMs defined inline will be global in scope if allowed.
22:59:42.737 [main] DEBUG org.apache.velocity - Velocimacro : autoload off : VM system will not automatically reload global library macros
22:59:42.739 [main] DEBUG org.apache.velocity - CommonsLogLogChute name is &apos;org.apache.velocity&apos;
22:59:42.739 [main] DEBUG org.apache.velocity - Initializing Velocity, Calling init()...
22:59:42.739 [main] DEBUG org.apache.velocity - Starting Apache Velocity v1.7 (compiled: 2010-11-19 12:14:37)
22:59:42.739 [main] DEBUG org.apache.velocity - Default Properties File: org\apache\velocity\runtime\defaults\velocity.properties
22:59:42.739 [main] DEBUG org.apache.velocity - Trying to use logger class org.apache.velocity.runtime.log.AvalonLogChute
22:59:42.739 [main] DEBUG org.apache.velocity - Target log system for org.apache.velocity.runtime.log.AvalonLogChute is not available (java.lang.NoClassDefFoundError: org/apache/log/format/Formatter).  Falling back to next log system...
22:59:42.739 [main] DEBUG org.apache.velocity - Trying to use logger class org.apache.velocity.runtime.log.Log4JLogChute
22:59:42.739 [main] DEBUG org.apache.velocity - Target log system for org.apache.velocity.runtime.log.Log4JLogChute is not available (java.lang.NoClassDefFoundError: org/apache/log4j/Layout).  Falling back to next log system...
22:59:42.739 [main] DEBUG org.apache.velocity - Trying to use logger class org.apache.velocity.runtime.log.CommonsLogLogChute
22:59:42.739 [main] DEBUG org.apache.velocity - Using logger class org.apache.velocity.runtime.log.CommonsLogLogChute
22:59:42.739 [main] DEBUG org.apache.velocity - ResourceLoader instantiated: org.apache.velocity.runtime.resource.loader.ClasspathResourceLoader
22:59:42.739 [main] DEBUG org.apache.velocity - ResourceCache: initialized (class org.apache.velocity.runtime.resource.ResourceCacheImpl) with class java.util.Collections$SynchronizedMap cache map.
22:59:42.740 [main] DEBUG org.apache.velocity - Loaded System Directive: org.apache.velocity.runtime.directive.Stop
22:59:42.740 [main] DEBUG org.apache.velocity - Loaded System Directive: org.apache.velocity.runtime.directive.Define
22:59:42.740 [main] DEBUG org.apache.velocity - Loaded System Directive: org.apache.velocity.runtime.directive.Break
22:59:42.740 [main] DEBUG org.apache.velocity - Loaded System Directive: org.apache.velocity.runtime.directive.Evaluate
22:59:42.740 [main] DEBUG org.apache.velocity - Loaded System Directive: org.apache.velocity.runtime.directive.Literal
22:59:42.740 [main] DEBUG org.apache.velocity - Loaded System Directive: org.apache.velocity.runtime.directive.Macro
22:59:42.740 [main] DEBUG org.apache.velocity - Loaded System Directive: org.apache.velocity.runtime.directive.Parse
22:59:42.740 [main] DEBUG org.apache.velocity - Loaded System Directive: org.apache.velocity.runtime.directive.Include
22:59:42.740 [main] DEBUG org.apache.velocity - Loaded System Directive: org.apache.velocity.runtime.directive.Foreach
22:59:42.741 [main] DEBUG org.apache.velocity - Created &apos;20&apos; parsers.
22:59:42.742 [main] DEBUG org.apache.velocity - Velocimacro : &quot;velocimacro.library&quot; is not set.  Trying default library: VM_global_library.vm
22:59:42.742 [main] DEBUG org.apache.velocity - Could not load resource &apos;VM_global_library.vm&apos; from ResourceLoader org.apache.velocity.runtime.resource.loader.ClasspathResourceLoader: ClasspathResourceLoader Error: cannot find resource VM_global_library.vm
22:59:42.742 [main] DEBUG org.apache.velocity - Velocimacro : Default library not found.
22:59:42.742 [main] DEBUG org.apache.velocity - Velocimacro : allowInline = true : VMs can be defined inline in templates
22:59:42.742 [main] DEBUG org.apache.velocity - Velocimacro : allowInlineToOverride = false : VMs defined inline may NOT replace previous VM definitions
22:59:42.742 [main] DEBUG org.apache.velocity - Velocimacro : allowInlineLocal = false : VMs defined inline will be global in scope if allowed.
22:59:42.742 [main] DEBUG org.apache.velocity - Velocimacro : autoload off : VM system will not automatically reload global library macros
22:59:42.745 [main] DEBUG org.apache.velocity - CommonsLogLogChute name is &apos;org.apache.velocity&apos;
22:59:42.745 [main] DEBUG org.apache.velocity - Initializing Velocity, Calling init()...
22:59:42.746 [main] DEBUG org.apache.velocity - Starting Apache Velocity v1.7 (compiled: 2010-11-19 12:14:37)
22:59:42.746 [main] DEBUG org.apache.velocity - Default Properties File: org\apache\velocity\runtime\defaults\velocity.properties
22:59:42.746 [main] DEBUG org.apache.velocity - Trying to use logger class org.apache.velocity.runtime.log.AvalonLogChute
22:59:42.746 [main] DEBUG org.apache.velocity - Target log system for org.apache.velocity.runtime.log.AvalonLogChute is not available (java.lang.NoClassDefFoundError: org/apache/log/format/Formatter).  Falling back to next log system...
22:59:42.746 [main] DEBUG org.apache.velocity - Trying to use logger class org.apache.velocity.runtime.log.Log4JLogChute
22:59:42.746 [main] DEBUG org.apache.velocity - Target log system for org.apache.velocity.runtime.log.Log4JLogChute is not available (java.lang.NoClassDefFoundError: org/apache/log4j/Layout).  Falling back to next log system...
22:59:42.746 [main] DEBUG org.apache.velocity - Trying to use logger class org.apache.velocity.runtime.log.CommonsLogLogChute
22:59:42.746 [main] DEBUG org.apache.velocity - Using logger class org.apache.velocity.runtime.log.CommonsLogLogChute
22:59:42.746 [main] DEBUG org.apache.velocity - ResourceLoader instantiated: org.apache.velocity.runtime.resource.loader.ClasspathResourceLoader
22:59:42.746 [main] DEBUG org.apache.velocity - ResourceCache: initialized (class org.apache.velocity.runtime.resource.ResourceCacheImpl) with class java.util.Collections$SynchronizedMap cache map.
22:59:42.746 [main] DEBUG org.apache.velocity - Loaded System Directive: org.apache.velocity.runtime.directive.Stop
22:59:42.746 [main] DEBUG org.apache.velocity - Loaded System Directive: org.apache.velocity.runtime.directive.Define
22:59:42.746 [main] DEBUG org.apache.velocity - Loaded System Directive: org.apache.velocity.runtime.directive.Break
22:59:42.746 [main] DEBUG org.apache.velocity - Loaded System Directive: org.apache.velocity.runtime.directive.Evaluate
22:59:42.746 [main] DEBUG org.apache.velocity - Loaded System Directive: org.apache.velocity.runtime.directive.Literal
22:59:42.746 [main] DEBUG org.apache.velocity - Loaded System Directive: org.apache.velocity.runtime.directive.Macro
22:59:42.746 [main] DEBUG org.apache.velocity - Loaded System Directive: org.apache.velocity.runtime.directive.Parse
22:59:42.746 [main] DEBUG org.apache.velocity - Loaded System Directive: org.apache.velocity.runtime.directive.Include
22:59:42.746 [main] DEBUG org.apache.velocity - Loaded System Directive: org.apache.velocity.runtime.directive.Foreach
22:59:42.748 [main] DEBUG org.apache.velocity - Created &apos;20&apos; parsers.
22:59:42.748 [main] DEBUG org.apache.velocity - Velocimacro : &quot;velocimacro.library&quot; is not set.  Trying default library: VM_global_library.vm
[...]
22:59:43.156 [main] DEBUG org.apache.velocity - ResourceManager : found /templates/macros/json/element.vm with loader org.apache.velocity.runtime.resource.loader.ClasspathResourceLoader
22:59:43.158 [main] DEBUG org.apache.velocity - Velocimacro : added VM includeEmbeddings: source=/templates/macros/json/embeddings.vm
22:59:43.159 [main] DEBUG org.apache.velocity - Velocimacro : added VM includeHtmlEmbedding: source=/templates/macros/json/embeddings.vm
22:59:43.159 [main] DEBUG org.apache.velocity - Velocimacro : added VM includeImageEmbedding: source=/templates/macros/json/embeddings.vm
22:59:43.159 [main] DEBUG org.apache.velocity - Velocimacro : added VM includeImageReferenceEmbedding: source=/templates/macros/json/embeddings.vm
22:59:43.159 [main] DEBUG org.apache.velocity - Velocimacro : added VM includeTextEmbedding: source=/templates/macros/json/embeddings.vm
22:59:43.159 [main] DEBUG org.apache.velocity - Velocimacro : added VM includeUnknownEmbedding: source=/templates/macros/json/embeddings.vm
22:59:43.159 [main] DEBUG org.apache.velocity - ResourceManager : found /templates/macros/json/embeddings.vm with loader org.apache.velocity.runtime.resource.loader.ClasspathResourceLoader
22:59:43.160 [main] DEBUG org.apache.velocity - Velocimacro : added VM includeHooks: source=/templates/macros/json/hooks.vm
22:59:43.160 [main] DEBUG org.apache.velocity - ResourceManager : found /templates/macros/json/hooks.vm with loader org.apache.velocity.runtime.resource.loader.ClasspathResourceLoader
22:59:43.161 [main] DEBUG org.apache.velocity - Velocimacro : added VM includeOutput: source=/templates/macros/json/output.vm
22:59:43.161 [main] DEBUG org.apache.velocity - ResourceManager : found /templates/macros/json/output.vm with loader org.apache.velocity.runtime.resource.loader.ClasspathResourceLoader
22:59:43.161 [main] DEBUG org.apache.velocity - Velocimacro : added VM includeMessage: source=/templates/macros/json/message.vm
22:59:43.161 [main] DEBUG org.apache.velocity - ResourceManager : found /templates/macros/json/message.vm with loader org.apache.velocity.runtime.resource.loader.ClasspathResourceLoader
22:59:43.162 [main] DEBUG org.apache.velocity - Velocimacro : added VM includeSteps: source=/templates/macros/json/steps.vm
22:59:43.162 [main] DEBUG org.apache.velocity - ResourceManager : found /templates/macros/json/steps.vm with loader org.apache.velocity.runtime.resource.loader.ClasspathResourceLoader
22:59:43.163 [main] DEBUG org.apache.velocity - Velocimacro : added VM includeTags: source=/templates/macros/json/tags.vm
22:59:43.163 [main] DEBUG org.apache.velocity - ResourceManager : found /templates/macros/json/tags.vm with loader org.apache.velocity.runtime.resource.loader.ClasspathResourceLoader
22:59:43.164 [main] DEBUG org.apache.velocity - ResourceManager : found /templates/js/tags-chart.js.vm with loader org.apache.velocity.runtime.resource.loader.ClasspathResourceLoader
22:59:43.165 [main] DEBUG org.apache.velocity - ResourceManager : found /templates/footer.vm with loader org.apache.velocity.runtime.resource.loader.ClasspathResourceLoader
22:59:43.186 [main] DEBUG org.apache.velocity - ResourceManager : found templates/generators/overviewSteps.vm with loader org.apache.velocity.runtime.resource.loader.ClasspathResourceLoader
22:59:43.188 [main] DEBUG org.apache.velocity - ResourceManager : found /templates/headers.vm with loader org.apache.velocity.runtime.resource.loader.ClasspathResourceLoader
22:59:43.188 [main] DEBUG org.apache.velocity - ResourceManager : found /templates/head.vm with loader org.apache.velocity.runtime.resource.loader.ClasspathResourceLoader
22:59:43.189 [main] DEBUG org.apache.velocity - Velocimacro : added VM stringArray: source=/templates/macros/array.js.vm
22:59:43.189 [main] DEBUG org.apache.velocity - Velocimacro : added VM numberArray: source=/templates/macros/array.js.vm
22:59:43.189 [main] DEBUG org.apache.velocity - ResourceManager : found /templates/macros/array.js.vm with loader org.apache.velocity.runtime.resource.loader.ClasspathResourceLoader
22:59:43.190 [main] DEBUG org.apache.velocity - Velocimacro : added VM includeBuildInfo: source=/templates/macros/page/buildinfo.vm
22:59:43.190 [main] DEBUG org.apache.velocity - ResourceManager : found /templates/macros/page/buildinfo.vm with loader org.apache.velocity.runtime.resource.loader.ClasspathResourceLoader
22:59:43.190 [main] DEBUG org.apache.velocity - Velocimacro : added VM includeClassifications: source=/templates/macros/page/classifications.vm
22:59:43.190 [main] DEBUG org.apache.velocity - ResourceManager : found /templates/macros/page/classifications.vm with loader org.apache.velocity.runtime.resource.loader.ClasspathResourceLoader
22:59:43.191 [main] DEBUG org.apache.velocity - Velocimacro : added VM includeLead: source=/templates/macros/page/lead.vm
22:59:43.191 [main] DEBUG org.apache.velocity - ResourceManager : found /templates/macros/page/lead.vm with loader org.apache.velocity.runtime.resource.loader.ClasspathResourceLoader
22:59:43.192 [main] DEBUG org.apache.velocity - Velocimacro : added VM includeNavigation: source=/templates/macros/page/navigation.vm
22:59:43.192 [main] DEBUG org.apache.velocity - ResourceManager : found /templates/macros/page/navigation.vm with loader org.apache.velocity.runtime.resource.loader.ClasspathResourceLoader
22:59:43.192 [main] DEBUG org.apache.velocity - Velocimacro : added VM includeReportInfo: source=/templates/macros/page/reportInfo.vm
22:59:43.192 [main] DEBUG org.apache.velocity - ResourceManager : found /templates/macros/page/reportInfo.vm with loader org.apache.velocity.runtime.resource.loader.ClasspathResourceLoader
22:59:43.193 [main] DEBUG org.apache.velocity - Velocimacro : added VM includeTitle: source=/templates/macros/page/title.vm
22:59:43.193 [main] DEBUG org.apache.velocity - ResourceManager : found /templates/macros/page/title.vm with loader org.apache.velocity.runtime.resource.loader.ClasspathResourceLoader
22:59:43.194 [main] DEBUG org.apache.velocity - Velocimacro : added VM includeExpandingButtons: source=/templates/macros/report/expandAllButtons.vm
22:59:43.194 [main] DEBUG org.apache.velocity - ResourceManager : found /templates/macros/report/expandAllButtons.vm with loader org.apache.velocity.runtime.resource.loader.ClasspathResourceLoader
22:59:43.194 [main] DEBUG org.apache.velocity - Velocimacro : added VM includeReportTable: source=/templates/macros/report/reportTable.vm
22:59:43.194 [main] DEBUG org.apache.velocity - ResourceManager : found /templates/macros/report/reportTable.vm with loader org.apache.velocity.runtime.resource.loader.ClasspathResourceLoader
22:59:43.195 [main] DEBUG org.apache.velocity - Velocimacro : added VM includeReportHeader: source=/templates/macros/report/reportHeader.vm
22:59:43.195 [main] DEBUG org.apache.velocity - ResourceManager : found /templates/macros/report/reportHeader.vm with loader org.apache.velocity.runtime.resource.loader.ClasspathResourceLoader
22:59:43.198 [main] DEBUG org.apache.velocity - Velocimacro : added VM includeStatsTable: source=/templates/macros/report/statsTable.vm
22:59:43.198 [main] DEBUG org.apache.velocity - ResourceManager : found /templates/macros/report/statsTable.vm with loader org.apache.velocity.runtime.resource.loader.ClasspathResourceLoader
22:59:43.198 [main] DEBUG org.apache.velocity - Velocimacro : added VM includeBrief: source=/templates/macros/json/brief.vm
22:59:43.198 [main] DEBUG org.apache.velocity - ResourceManager : found /templates/macros/json/brief.vm with loader org.apache.velocity.runtime.resource.loader.ClasspathResourceLoader
22:59:43.200 [main] DEBUG org.apache.velocity - Velocimacro : added VM includeDocString: source=/templates/macros/json/docstring.vm
22:59:43.200 [main] DEBUG org.apache.velocity - ResourceManager : found /templates/macros/json/docstring.vm with loader org.apache.velocity.runtime.resource.loader.ClasspathResourceLoader
22:59:43.200 [main] DEBUG org.apache.velocity - Velocimacro : added VM includeDuration: source=/templates/macros/json/duration.vm
22:59:43.200 [main] DEBUG org.apache.velocity - ResourceManager : found /templates/macros/json/duration.vm with loader org.apache.velocity.runtime.resource.loader.ClasspathResourceLoader
22:59:43.201 [main] DEBUG org.apache.velocity - Velocimacro : added VM includeElement: source=/templates/macros/json/element.vm
22:59:43.201 [main] DEBUG org.apache.velocity - ResourceManager : found /templates/macros/json/element.vm with loader org.apache.velocity.runtime.resource.loader.ClasspathResourceLoader
22:59:43.203 [main] DEBUG org.apache.velocity - Velocimacro : added VM includeEmbeddings: source=/templates/macros/json/embeddings.vm
22:59:43.203 [main] DEBUG org.apache.velocity - Velocimacro : added VM includeHtmlEmbedding: source=/templates/macros/json/embeddings.vm
22:59:43.203 [main] DEBUG org.apache.velocity - Velocimacro : added VM includeImageEmbedding: source=/templates/macros/json/embeddings.vm
22:59:43.203 [main] DEBUG org.apache.velocity - Velocimacro : added VM includeImageReferenceEmbedding: source=/templates/macros/json/embeddings.vm
22:59:43.203 [main] DEBUG org.apache.velocity - Velocimacro : added VM includeTextEmbedding: source=/templates/macros/json/embeddings.vm
22:59:43.203 [main] DEBUG org.apache.velocity - Velocimacro : added VM includeUnknownEmbedding: source=/templates/macros/json/embeddings.vm
22:59:43.203 [main] DEBUG org.apache.velocity - ResourceManager : found /templates/macros/json/embeddings.vm with loader org.apache.velocity.runtime.resource.loader.ClasspathResourceLoader
22:59:43.204 [main] DEBUG org.apache.velocity - Velocimacro : added VM includeHooks: source=/templates/macros/json/hooks.vm
22:59:43.204 [main] DEBUG org.apache.velocity - ResourceManager : found /templates/macros/json/hooks.vm with loader org.apache.velocity.runtime.resource.loader.ClasspathResourceLoader
22:59:43.205 [main] DEBUG org.apache.velocity - Velocimacro : added VM includeOutput: source=/templates/macros/json/output.vm
22:59:43.205 [main] DEBUG org.apache.velocity - ResourceManager : found /templates/macros/json/output.vm with loader org.apache.velocity.runtime.resource.loader.ClasspathResourceLoader
22:59:43.206 [main] DEBUG org.apache.velocity - Velocimacro : added VM includeMessage: source=/templates/macros/json/message.vm
22:59:43.206 [main] DEBUG org.apache.velocity - ResourceManager : found /templates/macros/json/message.vm with loader org.apache.velocity.runtime.resource.loader.ClasspathResourceLoader
22:59:43.207 [main] DEBUG org.apache.velocity - Velocimacro : added VM includeSteps: source=/templates/macros/json/steps.vm
22:59:43.207 [main] DEBUG org.apache.velocity - ResourceManager : found /templates/macros/json/steps.vm with loader org.apache.velocity.runtime.resource.loader.ClasspathResourceLoader
22:59:43.207 [main] DEBUG org.apache.velocity - Velocimacro : added VM includeTags: source=/templates/macros/json/tags.vm
22:59:43.207 [main] DEBUG org.apache.velocity - ResourceManager : found /templates/macros/json/tags.vm with loader org.apache.velocity.runtime.resource.loader.ClasspathResourceLoader
22:59:43.209 [main] DEBUG org.apache.velocity - ResourceManager : found /templates/footer.vm with loader org.apache.velocity.runtime.resource.loader.ClasspathResourceLoader
22:59:43.233 [main] DEBUG org.apache.velocity - ResourceManager : found templates/generators/overviewFailures.vm with loader org.apache.velocity.runtime.resource.loader.ClasspathResourceLoader
22:59:43.237 [main] DEBUG org.apache.velocity - ResourceManager : found /templates/headers.vm with loader org.apache.velocity.runtime.resource.loader.ClasspathResourceLoader
22:59:43.237 [main] DEBUG org.apache.velocity - ResourceManager : found /templates/head.vm with loader org.apache.velocity.runtime.resource.loader.ClasspathResourceLoader
22:59:43.238 [main] DEBUG org.apache.velocity - Velocimacro : added VM stringArray: source=/templates/macros/array.js.vm
22:59:43.238 [main] DEBUG org.apache.velocity - Velocimacro : added VM numberArray: source=/templates/macros/array.js.vm
22:59:43.238 [main] DEBUG org.apache.velocity - ResourceManager : found /templates/macros/array.js.vm with loader org.apache.velocity.runtime.resource.loader.ClasspathResourceLoader
22:59:43.239 [main] DEBUG org.apache.velocity - Velocimacro : added VM includeBuildInfo: source=/templates/macros/page/buildinfo.vm
22:59:43.239 [main] DEBUG org.apache.velocity - ResourceManager : found /templates/macros/page/buildinfo.vm with loader org.apache.velocity.runtime.resource.loader.ClasspathResourceLoader
22:59:43.240 [main] DEBUG org.apache.velocity - Velocimacro : added VM includeClassifications: source=/templates/macros/page/classifications.vm
22:59:43.240 [main] DEBUG org.apache.velocity - ResourceManager : found /templates/macros/page/classifications.vm with loader org.apache.velocity.runtime.resource.loader.ClasspathResourceLoader
22:59:43.240 [main] DEBUG org.apache.velocity - Velocimacro : added VM includeLead: source=/templates/macros/page/lead.vm
22:59:43.241 [main] DEBUG org.apache.velocity - ResourceManager : found /templates/macros/page/lead.vm with loader org.apache.velocity.runtime.resource.loader.ClasspathResourceLoader
22:59:43.241 [main] DEBUG org.apache.velocity - Velocimacro : added VM includeNavigation: source=/templates/macros/page/navigation.vm
22:59:43.241 [main] DEBUG org.apache.velocity - ResourceManager : found /templates/macros/page/navigation.vm with loader org.apache.velocity.runtime.resource.loader.ClasspathResourceLoader
22:59:43.243 [main] DEBUG org.apache.velocity - Velocimacro : added VM includeReportInfo: source=/templates/macros/page/reportInfo.vm
22:59:43.243 [main] DEBUG org.apache.velocity - ResourceManager : found /templates/macros/page/reportInfo.vm with loader org.apache.velocity.runtime.resource.loader.ClasspathResourceLoader
22:59:43.244 [main] DEBUG org.apache.velocity - Velocimacro : added VM includeTitle: source=/templates/macros/page/title.vm
22:59:43.244 [main] DEBUG org.apache.velocity - ResourceManager : found /templates/macros/page/title.vm with loader org.apache.velocity.runtime.resource.loader.ClasspathResourceLoader
22:59:43.245 [main] DEBUG org.apache.velocity - Velocimacro : added VM includeExpandingButtons: source=/templates/macros/report/expandAllButtons.vm
22:59:43.245 [main] DEBUG org.apache.velocity - ResourceManager : found /templates/macros/report/expandAllButtons.vm with loader org.apache.velocity.runtime.resource.loader.ClasspathResourceLoader
22:59:43.246 [main] DEBUG org.apache.velocity - Velocimacro : added VM includeReportTable: source=/templates/macros/report/reportTable.vm
22:59:43.246 [main] DEBUG org.apache.velocity - ResourceManager : found /templates/macros/report/reportTable.vm with loader org.apache.velocity.runtime.resource.loader.ClasspathResourceLoader
22:59:43.246 [main] DEBUG org.apache.velocity - Velocimacro : added VM includeReportHeader: source=/templates/macros/report/reportHeader.vm
22:59:43.246 [main] DEBUG org.apache.velocity - ResourceManager : found /templates/macros/report/reportHeader.vm with loader org.apache.velocity.runtime.resource.loader.ClasspathResourceLoader
22:59:43.251 [main] DEBUG org.apache.velocity - Velocimacro : added VM includeStatsTable: source=/templates/macros/report/statsTable.vm
22:59:43.251 [main] DEBUG org.apache.velocity - ResourceManager : found /templates/macros/report/statsTable.vm with loader org.apache.velocity.runtime.resource.loader.ClasspathResourceLoader
22:59:43.252 [main] DEBUG org.apache.velocity - Velocimacro : added VM includeBrief: source=/templates/macros/json/brief.vm
22:59:43.252 [main] DEBUG org.apache.velocity - ResourceManager : found /templates/macros/json/brief.vm with loader org.apache.velocity.runtime.resource.loader.ClasspathResourceLoader
22:59:43.252 [main] DEBUG org.apache.velocity - Velocimacro : added VM includeDocString: source=/templates/macros/json/docstring.vm
22:59:43.253 [main] DEBUG org.apache.velocity - ResourceManager : found /templates/macros/json/docstring.vm with loader org.apache.velocity.runtime.resource.loader.ClasspathResourceLoader
22:59:43.253 [main] DEBUG org.apache.velocity - Velocimacro : added VM includeDuration: source=/templates/macros/json/duration.vm
22:59:43.253 [main] DEBUG org.apache.velocity - ResourceManager : found /templates/macros/json/duration.vm with loader org.apache.velocity.runtime.resource.loader.ClasspathResourceLoader
22:59:43.254 [main] DEBUG org.apache.velocity - Velocimacro : added VM includeElement: source=/templates/macros/json/element.vm
22:59:43.255 [main] DEBUG org.apache.velocity - ResourceManager : found /templates/macros/json/element.vm with loader org.apache.velocity.runtime.resource.loader.ClasspathResourceLoader
22:59:43.257 [main] DEBUG org.apache.velocity - Velocimacro : added VM includeEmbeddings: source=/templates/macros/json/embeddings.vm
22:59:43.258 [main] DEBUG org.apache.velocity - Velocimacro : added VM includeHtmlEmbedding: source=/templates/macros/json/embeddings.vm
22:59:43.259 [main] DEBUG org.apache.velocity - Velocimacro : added VM includeImageEmbedding: source=/templates/macros/json/embeddings.vm
22:59:43.259 [main] DEBUG org.apache.velocity - Velocimacro : added VM includeImageReferenceEmbedding: source=/templates/macros/json/embeddings.vm
22:59:43.259 [main] DEBUG org.apache.velocity - Velocimacro : added VM includeTextEmbedding: source=/templates/macros/json/embeddings.vm
22:59:43.259 [main] DEBUG org.apache.velocity - Velocimacro : added VM includeUnknownEmbedding: source=/templates/macros/json/embeddings.vm
22:59:43.259 [main] DEBUG org.apache.velocity - ResourceManager : found /templates/macros/json/embeddings.vm with loader org.apache.velocity.runtime.resource.loader.ClasspathResourceLoader
22:59:43.260 [main] DEBUG org.apache.velocity - Velocimacro : added VM includeHooks: source=/templates/macros/json/hooks.vm
22:59:43.260 [main] DEBUG org.apache.velocity - ResourceManager : found /templates/macros/json/hooks.vm with loader org.apache.velocity.runtime.resource.loader.ClasspathResourceLoader
22:59:43.261 [main] DEBUG org.apache.velocity - Velocimacro : added VM includeOutput: source=/templates/macros/json/output.vm
22:59:43.261 [main] DEBUG org.apache.velocity - ResourceManager : found /templates/macros/json/output.vm with loader org.apache.velocity.runtime.resource.loader.ClasspathResourceLoader
22:59:43.262 [main] DEBUG org.apache.velocity - Velocimacro : added VM includeMessage: source=/templates/macros/json/message.vm
22:59:43.262 [main] DEBUG org.apache.velocity - ResourceManager : found /templates/macros/json/message.vm with loader org.apache.velocity.runtime.resource.loader.ClasspathResourceLoader
22:59:43.270 [main] DEBUG org.apache.velocity - Velocimacro : added VM includeSteps: source=/templates/macros/json/steps.vm
22:59:43.270 [main] DEBUG org.apache.velocity - ResourceManager : found /templates/macros/json/steps.vm with loader org.apache.velocity.runtime.resource.loader.ClasspathResourceLoader
22:59:43.270 [main] DEBUG org.apache.velocity - Velocimacro : added VM includeTags: source=/templates/macros/json/tags.vm
22:59:43.270 [main] DEBUG org.apache.velocity - ResourceManager : found /templates/macros/json/tags.vm with loader org.apache.velocity.runtime.resource.loader.ClasspathResourceLoader
22:59:43.272 [main] DEBUG org.apache.velocity - VM #includeBrief: too few arguments to macro. Wanted 5 got 4
22:59:43.273 [main] DEBUG org.apache.velocity - VM #includeBrief: too few arguments to macro. Wanted 5 got 4
22:59:43.283 [main] DEBUG org.apache.velocity - ResourceManager : found /templates/footer.vm with loader org.apache.velocity.runtime.resource.loader.ClasspathResourceLoader
</system-out>
    <system-err>ERROR StatusLogger No log4j2 configuration file found. Using default configuration: logging only errors to the console.
</system-err>
  </testcase>
</testsuite>