<?xml version="1.0" encoding="UTF-8" ?>
<testsuite tests="6" failures="0" name="com.tutorials.karate.TestRunner" time="0.269" errors="2" skipped="1">
  <properties>
    <property name="java.runtime.name" value="Java(TM) SE Runtime Environment"/>
    <property name="sun.boot.library.path" value="C:\Program Files\Java\jdk1.8.0_201\jre\bin"/>
    <property name="java.vm.version" value="25.201-b09"/>
    <property name="java.vm.vendor" value="Oracle Corporation"/>
    <property name="maven.multiModuleProjectDirectory" value="C:\tools\Jenkins\workspace\Automation\TestRunner"/>
    <property name="java.vendor.url" value="http://java.oracle.com/"/>
    <property name="path.separator" value=";"/>
    <property name="guice.disable.misplaced.annotation.check" value="true"/>
    <property name="java.vm.name" value="Java HotSpot(TM) 64-Bit Server VM"/>
    <property name="file.encoding.pkg" value="sun.io"/>
    <property name="user.script" value=""/>
    <property name="user.country" value="US"/>
    <property name="sun.java.launcher" value="SUN_STANDARD"/>
    <property name="sun.os.patch.level" value=""/>
    <property name="java.vm.specification.name" value="Java Virtual Machine Specification"/>
    <property name="user.dir" value="C:\tools\Jenkins\workspace\Automation\TestRunner"/>
    <property name="java.runtime.version" value="1.8.0_201-b09"/>
    <property name="java.awt.graphicsenv" value="sun.awt.Win32GraphicsEnvironment"/>
    <property name="java.endorsed.dirs" value="C:\Program Files\Java\jdk1.8.0_201\jre\lib\endorsed"/>
    <property name="os.arch" value="amd64"/>
    <property name="java.io.tmpdir" value="C:\windows\TEMP\"/>
    <property name="line.separator" value="
"/>
    <property name="java.vm.specification.vendor" value="Oracle Corporation"/>
    <property name="user.variant" value=""/>
    <property name="os.name" value="Windows Server 2016"/>
    <property name="classworlds.conf" value="C:\apache-maven-3.6.1\bin\..\bin\m2.conf"/>
    <property name="sun.jnu.encoding" value="Cp1252"/>
    <property name="java.library.path" value="C:\Program Files\Java\jdk1.8.0_201\bin;C:\windows\Sun\Java\bin;C:\windows\system32;C:\windows;C:\ProgramData\DockerDesktop\version-bin;C:\Program Files\Docker\Docker\Resources\bin;C:\Program Files\Java\jdk1.8.0_201\bin;C:\windows\system32;C:\windows;C:\windows\System32\Wbem;C:\windows\System32\WindowsPowerShell\v1.0\;C:\Program Files\Microsoft SQL Server\Client SDK\ODBC\110\Tools\Binn\;C:\Program Files (x86)\Microsoft SQL Server\120\Tools\Binn\;C:\Program Files\Microsoft SQL Server\120\Tools\Binn\;C:\Program Files\Microsoft SQL Server\120\DTS\Binn\;C:\Program Files (x86)\Common Files\Oracle\Java\javapath;C:\apache-maven-3.6.1\bin;C:\Program Files\nodejs\;C:\apache-ant-1.10.6\bin;%rabbitmq_server-3.7.16%\sbin;C:\Program Files\Git\cmd;C:\Program Files\Git\mingw64\bin;C:\Program Files\Git\usr\bin;C:\Python27;C:\Program Files\Parasoft\SOAtest &amp; Virtualize\9.10;C:\Users\svadmin\AppData\Roaming\npm;C:\windows\system32\config\systemprofile\AppData\Local\Microsoft\WindowsApps;."/>
    <property name="maven.conf" value="C:\apache-maven-3.6.1\bin\../conf"/>
    <property name="java.specification.name" value="Java Platform API Specification"/>
    <property name="java.class.version" value="52.0"/>
    <property name="sun.management.compiler" value="HotSpot 64-Bit Tiered Compilers"/>
    <property name="os.version" value="10.0"/>
    <property name="library.jansi.path" value="C:\apache-maven-3.6.1\bin\..\lib\jansi-native"/>
    <property name="user.home" value="C:\windows\system32\config\systemprofile"/>
    <property name="user.timezone" value="Asia/Calcutta"/>
    <property name="java.awt.printerjob" value="sun.awt.windows.WPrinterJob"/>
    <property name="java.specification.version" value="1.8"/>
    <property name="file.encoding" value="Cp1252"/>
    <property name="user.name" value="indbdcsv01$"/>
    <property name="java.class.path" value="C:\apache-maven-3.6.1\bin\..\boot\plexus-classworlds-2.6.0.jar"/>
    <property name="java.vm.specification.version" value="1.8"/>
    <property name="sun.arch.data.model" value="64"/>
    <property name="java.home" value="C:\Program Files\Java\jdk1.8.0_201\jre"/>
    <property name="sun.java.command" value="org.codehaus.plexus.classworlds.launcher.Launcher -f karatetest test"/>
    <property name="java.specification.vendor" value="Oracle Corporation"/>
    <property name="user.language" value="en"/>
    <property name="awt.toolkit" value="sun.awt.windows.WToolkit"/>
    <property name="java.vm.info" value="mixed mode"/>
    <property name="java.version" value="1.8.0_201"/>
    <property name="java.ext.dirs" value="C:\Program Files\Java\jdk1.8.0_201\jre\lib\ext;C:\windows\Sun\Java\lib\ext"/>
    <property name="sun.boot.class.path" value="C:\Program Files\Java\jdk1.8.0_201\jre\lib\resources.jar;C:\Program Files\Java\jdk1.8.0_201\jre\lib\rt.jar;C:\Program Files\Java\jdk1.8.0_201\jre\lib\sunrsasign.jar;C:\Program Files\Java\jdk1.8.0_201\jre\lib\jsse.jar;C:\Program Files\Java\jdk1.8.0_201\jre\lib\jce.jar;C:\Program Files\Java\jdk1.8.0_201\jre\lib\charsets.jar;C:\Program Files\Java\jdk1.8.0_201\jre\lib\jfr.jar;C:\Program Files\Java\jdk1.8.0_201\jre\classes"/>
    <property name="java.vendor" value="Oracle Corporation"/>
    <property name="maven.home" value="C:\apache-maven-3.6.1\bin\.."/>
    <property name="file.separator" value="\"/>
    <property name="java.vendor.url.bug" value="http://bugreport.sun.com/bugreport/"/>
    <property name="sun.cpu.endian" value="little"/>
    <property name="sun.io.unicode.encoding" value="UnicodeLittle"/>
    <property name="sun.desktop" value="windows"/>
    <property name="sun.cpu.isalist" value="amd64"/>
  </properties>
  <testcase classname="Scenario: Fetch all users" name="Given url &apos;https://reqres.in/api/users?page=2&apos;" time="0.018"/>
  <testcase classname="Scenario: Fetch all users" name="When method GET" time="0"/>
  <testcase classname="Scenario: Fetch all users" name="Then status 200" time="0"/>
  <testcase classname="Scenario: Fetch all users" name="And match $ contains {page:2,per_page:3,total_pages:4}" time="0.027">
    <error message="path: $.per_page, actual: 6, expected: 3, reason: not equal" type="com.intuit.karate.exception.KarateException">com.intuit.karate.exception.KarateException: path: $.per_page, actual: 6, expected: 3, reason: not equal
	at com.intuit.karate.StepDefs.handleFailure(StepDefs.java:574)
	at com.intuit.karate.StepDefs.matchNamed(StepDefs.java:533)
	at com.intuit.karate.StepDefs.matchContains(StepDefs.java:528)
	at ✽.And match $ contains {page:2,per_page:3,total_pages:4}(com/tutorials/karate/TestFeature.feature:8)
</error>
    <system-out>18:05:59.125 [main] DEBUG com.jayway.jsonpath.internal.path.CompiledPath - Evaluating path: $
18:05:59.134 [main] DEBUG com.jayway.jsonpath.internal.path.CompiledPath - Evaluating path: $
18:05:59.134 [main] DEBUG com.jayway.jsonpath.internal.path.CompiledPath - Evaluating path: $
18:05:59.143 [main] ERROR com.intuit.karate - assertion failed: path: $.per_page, actual: 6, expected: 3, reason: not equal
</system-out>
  </testcase>
  <testcase classname="Scenario: Fetch all users" name="Scenario: Fetch all users" time="0.112">
    <error message="path: $.per_page, actual: 6, expected: 3, reason: not equal" type="com.intuit.karate.exception.KarateException">com.intuit.karate.exception.KarateException: path: $.per_page, actual: 6, expected: 3, reason: not equal
	at com.intuit.karate.StepDefs.handleFailure(StepDefs.java:574)
	at com.intuit.karate.StepDefs.matchNamed(StepDefs.java:533)
	at com.intuit.karate.StepDefs.matchContains(StepDefs.java:528)
	at ✽.And match $ contains {page:2,per_page:3,total_pages:4}(com/tutorials/karate/TestFeature.feature:8)
</error>
    <system-out>18:05:59.162 [Finalizer] DEBUG org.apache.http.impl.conn.PoolingHttpClientConnectionManager - Connection manager is shutting down
18:05:59.162 [Finalizer] DEBUG org.apache.http.impl.conn.DefaultManagedHttpClientConnection - http-outgoing-0: Close connection
</system-out>
  </testcase>
  <testcase classname="Scenario: Fetch all users" name="And match $.data[0] contains {id:4,email:&quot;eve.holt@reqres.in&quot;}" time="0.112">
    <skipped/>
  </testcase>
</testsuite>