<?xml version="1.0" encoding="UTF-8" ?>
<testsuite tests="6" failures="0" name="com.tutorials.karate.TestRunner" time="0.269" errors="2" skipped="1">
  <properties>
[...]
</properties>
  <testcase classname="Scenario: Fetch all users" name="Given url &apos;https://reqres.in/api/users?page=2&apos;" time="0.018"/>
  <testcase classname="Scenario: Fetch all users" name="When method GET" time="0"/>
  <testcase classname="Scenario: Fetch all users" name="Then status 200" time="0"/>
  <testcase classname="Scenario: Fetch all users" name="And match $ contains {page:2,per_page:3,total_pages:4}" time="0.027">
    <error message="path: $.per_page, actual: 6, expected: 3, reason: not equal" type="com.intuit.karate.exception.KarateException">com.intuit.karate.exception.KarateException: path: $.per_page, actual: 6, expected: 3, reason: not equal
	at com.intuit.karate.StepDefs.handleFailure(StepDefs.java:574)
	at com.intuit.karate.StepDefs.matchNamed(StepDefs.java:533)
	at com.intuit.karate.StepDefs.matchContains(StepDefs.java:528)
	at ✽.And match $ contains {page:2,per_page:3,total_pages:4}(com/tutorials/karate/TestFeature.feature:8)
</error>
    <system-out>18:05:59.125 [main] DEBUG com.jayway.jsonpath.internal.path.CompiledPath - Evaluating path: $
18:05:59.134 [main] DEBUG com.jayway.jsonpath.internal.path.CompiledPath - Evaluating path: $
18:05:59.134 [main] DEBUG com.jayway.jsonpath.internal.path.CompiledPath - Evaluating path: $
18:05:59.143 [main] ERROR com.intuit.karate - assertion failed: path: $.per_page, actual: 6, expected: 3, reason: not equal
</system-out>
  </testcase>
  <testcase classname="Scenario: Fetch all users" name="Scenario: Fetch all users" time="0.112">
    <error message="path: $.per_page, actual: 6, expected: 3, reason: not equal" type="com.intuit.karate.exception.KarateException">com.intuit.karate.exception.KarateException: path: $.per_page, actual: 6, expected: 3, reason: not equal
	at com.intuit.karate.StepDefs.handleFailure(StepDefs.java:574)
	at com.intuit.karate.StepDefs.matchNamed(StepDefs.java:533)
	at com.intuit.karate.StepDefs.matchContains(StepDefs.java:528)
	at ✽.And match $ contains {page:2,per_page:3,total_pages:4}(com/tutorials/karate/TestFeature.feature:8)
</error>
    <system-out>18:05:59.162 [Finalizer] DEBUG org.apache.http.impl.conn.PoolingHttpClientConnectionManager - Connection manager is shutting down
18:05:59.162 [Finalizer] DEBUG org.apache.http.impl.conn.DefaultManagedHttpClientConnection - http-outgoing-0: Close connection
</system-out>
  </testcase>
  <testcase classname="Scenario: Fetch all users" name="And match $.data[0] contains {id:4,email:&quot;eve.holt@reqres.in&quot;}" time="0.112">
    <skipped/>
  </testcase>
</testsuite>